New log file opened at Mon Apr 04 16:01:17 CEST 2016 by 912@killermenplpc
Sending msg to client play-fork-run-69e666b5-b09a-4c16-9368-fb485b22476a: DetachedLogEvent(LogMessage(debug,sbt server socket logs are in: C:\Users\killermenpl\Dropbox\play-java\.sbtserver\connections\master.log))
Sending msg to client play-fork-run-69e666b5-b09a-4c16-9368-fb485b22476a: DetachedLogEvent(LogMessage(debug,sbt general server logs are in: C:\Users\killermenpl\Dropbox\play-java\.sbtserver\master.log))
Sending msg to client play-fork-run-69e666b5-b09a-4c16-9368-fb485b22476a: DetachedLogEvent(LogMessage(debug,sbt client logs are in: C:\Users\killermenpl\Dropbox\play-java\.sbtserver\connections\play-fork-run-69e666b5-b09a-4c16-9368-fb485b22476a.log))
Reading next message from client.
Got request: DaemonRequest(true)
Reading next message from client.
Sending msg to client play-fork-run-69e666b5-b09a-4c16-9368-fb485b22476a: (3,ReceivedResponse())
Got request: ListenToEvents()
Reading next message from client.
Sending msg to client play-fork-run-69e666b5-b09a-4c16-9368-fb485b22476a: BackgroundJobStarted(6,BackgroundJobInfo(1,backgroundRun,AttributeKey[sbt.BackgroundJobHandle]("backgroundRun") in Scope(Build: file:/C:/Users/killermenpl/Dropbox/play-java/, , Project: ProjectReference(file:/C:/Users/killermenpl/Dropbox/play-java/,root), Config: compile)))
Sending msg to client play-fork-run-69e666b5-b09a-4c16-9368-fb485b22476a: (4,ReceivedResponse())
Got request: KeyLookupRequest(root/playForkConfig)
Reading next message from client.
Sending msg to client play-fork-run-69e666b5-b09a-4c16-9368-fb485b22476a: (5,KeyLookupResponse(root/playForkConfig,Vector(AttributeKey[play.forkrun.protocol.ForkConfig]("playForkConfig") in Scope(Build: file:/C:/Users/killermenpl/Dropbox/play-java/, , Project: ProjectReference(file:/C:/Users/killermenpl/Dropbox/play-java/,root)))))
Got request: ListenToValue(AttributeKey[play.forkrun.protocol.ForkConfig]("playForkConfig") in Scope(Build: file:/C:/Users/killermenpl/Dropbox/play-java/, , Project: ProjectReference(file:/C:/Users/killermenpl/Dropbox/play-java/,root)))
Reading next message from client.
Sending msg to client play-fork-run-69e666b5-b09a-4c16-9368-fb485b22476a: (6,ReceivedResponse())
Got request: KeyExecutionRequest(AttributeKey[play.forkrun.protocol.ForkConfig]("playForkConfig") in Scope(Build: file:/C:/Users/killermenpl/Dropbox/play-java/, , Project: ProjectReference(file:/C:/Users/killermenpl/Dropbox/play-java/,root)))
Reading next message from client.
Sending msg to client play-fork-run-69e666b5-b09a-4c16-9368-fb485b22476a: (7,ExecutionRequestReceived(7))
Sending msg to client play-fork-run-69e666b5-b09a-4c16-9368-fb485b22476a: ExecutionWaiting(7,{file:/C:/Users/killermenpl/Dropbox/play-java/}root/*:playForkConfig,ClientInfo(69e666b5-b09a-4c16-9368-fb485b22476a,play-fork-run,Play Fork Run,1,Vector()))
Sending msg to client play-fork-run-69e666b5-b09a-4c16-9368-fb485b22476a: ExecutionStarting(7)
Sending msg to client play-fork-run-69e666b5-b09a-4c16-9368-fb485b22476a: DetachedLogEvent(LogMessage(debug,> {file:/C:/Users/killermenpl/Dropbox/play-java/}root/*:playForkConfig))
Sending msg to client play-fork-run-69e666b5-b09a-4c16-9368-fb485b22476a: DetachedLogEvent(LogMessage(debug,Evaluating tasks: *:playForkConfig))
Sending msg to client play-fork-run-69e666b5-b09a-4c16-9368-fb485b22476a: DetachedLogEvent(LogMessage(debug,Running task... Cancel: sbt.server.ServerTaskCancellation@2c44dd5, check cycles: false))
Sending msg to client play-fork-run-69e666b5-b09a-4c16-9368-fb485b22476a: DetachedLogEvent(LogMessage(debug,cancel strategy start enabled=true lastCommand=Some(LastCommand(CommandExecutionWork(ExecutionId(7),{file:/C:/Users/killermenpl/Dropbox/play-java/}root/*:playForkConfig,Set(LiveClient(play-fork-run 69e666b5-b09a-4c16-9368-fb485b22476a)),sbt.server.WorkCancellationStatus$$anon$1@5a130b74)))))
Sending msg to client play-fork-run-69e666b5-b09a-4c16-9368-fb485b22476a: TaskStarted(7,597,Some(AttributeKey[scala.Tuple2[java.lang.String,java.io.File]]("playPrefixAndAssets") in Scope(Build: file:/C:/Users/killermenpl/Dropbox/play-java/, , Project: ProjectReference(file:/C:/Users/killermenpl/Dropbox/play-java/,root))))
Sending msg to client play-fork-run-69e666b5-b09a-4c16-9368-fb485b22476a: TaskStarted(7,602,None)
Sending msg to client play-fork-run-69e666b5-b09a-4c16-9368-fb485b22476a: TaskStarted(7,603,None)
Sending msg to client play-fork-run-69e666b5-b09a-4c16-9368-fb485b22476a: TaskStarted(7,604,Some(AttributeKey[boolean]("skip") in Scope(Global)))
Sending msg to client play-fork-run-69e666b5-b09a-4c16-9368-fb485b22476a: TaskStarted(7,607,Some(AttributeKey[scala.collection.Seq[sbt.Credentials]]("credentials") in Scope(Global)))
Sending msg to client play-fork-run-69e666b5-b09a-4c16-9368-fb485b22476a: TaskStarted(7,609,None)
Sending msg to client play-fork-run-69e666b5-b09a-4c16-9368-fb485b22476a: TaskStarted(7,612,Some(AttributeKey[scala.collection.Seq[sbt.Resolver]]("externalResolvers") in Scope(Build: file:/C:/Users/killermenpl/Dropbox/play-java/, , Project: ProjectReference(file:/C:/Users/killermenpl/Dropbox/play-java/,root))))
Sending msg to client play-fork-run-69e666b5-b09a-4c16-9368-fb485b22476a: TaskStarted(7,617,None)
Sending msg to client play-fork-run-69e666b5-b09a-4c16-9368-fb485b22476a: TaskStarted(7,619,Some(AttributeKey[scala.Option[scala.collection.Seq[sbt.Resolver]]]("bootResolvers") in Scope(Build: file:/C:/Users/killermenpl/Dropbox/play-java/, , Project: ProjectReference(file:/C:/Users/killermenpl/Dropbox/play-java/,root))))
Sending msg to client play-fork-run-69e666b5-b09a-4c16-9368-fb485b22476a: TaskStarted(7,624,Some(AttributeKey[java.lang.String]("updateCacheName") in Scope(Build: file:/C:/Users/killermenpl/Dropbox/play-java/, , Project: ProjectReference(file:/C:/Users/killermenpl/Dropbox/play-java/,root))))
Sending msg to client play-fork-run-69e666b5-b09a-4c16-9368-fb485b22476a: TaskStarted(7,627,None)
Sending msg to client play-fork-run-69e666b5-b09a-4c16-9368-fb485b22476a: TaskStarted(7,628,None)
Sending msg to client play-fork-run-69e666b5-b09a-4c16-9368-fb485b22476a: TaskStarted(7,634,None)
Sending msg to client play-fork-run-69e666b5-b09a-4c16-9368-fb485b22476a: TaskStarted(7,635,Some(AttributeKey[scala.collection.Seq[java.lang.String]]("javaOptions") in Scope(Global)))
Sending msg to client play-fork-run-69e666b5-b09a-4c16-9368-fb485b22476a: TaskStarted(7,646,None)
Sending msg to client play-fork-run-69e666b5-b09a-4c16-9368-fb485b22476a: TaskStarted(7,651,None)
Sending msg to client play-fork-run-69e666b5-b09a-4c16-9368-fb485b22476a: TaskStarted(7,652,Some(AttributeKey[scala.Option[java.lang.String]]("mainClass") in Scope(Build: file:/C:/Users/killermenpl/Dropbox/play-java/, , Project: ProjectReference(file:/C:/Users/killermenpl/Dropbox/play-java/,root), Config: compile, Task: AttributeKey[void]("run"))))
Sending msg to client play-fork-run-69e666b5-b09a-4c16-9368-fb485b22476a: TaskFinished(7,597,Some(AttributeKey[scala.Tuple2[java.lang.String,java.io.File]]("playPrefixAndAssets") in Scope(Build: file:/C:/Users/killermenpl/Dropbox/play-java/, , Project: ProjectReference(file:/C:/Users/killermenpl/Dropbox/play-java/,root))),true,None)
Sending msg to client play-fork-run-69e666b5-b09a-4c16-9368-fb485b22476a: TaskStarted(7,596,Some(AttributeKey[scala.collection.Seq[scala.Tuple2[java.lang.String,java.io.File]]]("playAllAssets") in Scope(Build: file:/C:/Users/killermenpl/Dropbox/play-java/, , Project: ProjectReference(file:/C:/Users/killermenpl/Dropbox/play-java/,root))))
Sending msg to client play-fork-run-69e666b5-b09a-4c16-9368-fb485b22476a: TaskFinished(7,603,None,true,None)
Sending msg to client play-fork-run-69e666b5-b09a-4c16-9368-fb485b22476a: TaskFinished(7,604,Some(AttributeKey[boolean]("skip") in Scope(Global)),true,None)
Sending msg to client play-fork-run-69e666b5-b09a-4c16-9368-fb485b22476a: TaskFinished(7,602,None,true,None)
Sending msg to client play-fork-run-69e666b5-b09a-4c16-9368-fb485b22476a: TaskStarted(7,601,Some(AttributeKey[scala.collection.Seq[sbt.UpdateReport]]("transitiveUpdate") in Scope(Build: file:/C:/Users/killermenpl/Dropbox/play-java/, , Project: ProjectReference(file:/C:/Users/killermenpl/Dropbox/play-java/,root))))
Sending msg to client play-fork-run-69e666b5-b09a-4c16-9368-fb485b22476a: TaskFinished(7,609,None,true,None)
Sending msg to client play-fork-run-69e666b5-b09a-4c16-9368-fb485b22476a: TaskStarted(7,608,None)
Sending msg to client play-fork-run-69e666b5-b09a-4c16-9368-fb485b22476a: TaskStarted(7,618,None)
Sending msg to client play-fork-run-69e666b5-b09a-4c16-9368-fb485b22476a: TaskStarted(7,620,None)
Sending msg to client play-fork-run-69e666b5-b09a-4c16-9368-fb485b22476a: TaskStarted(7,631,None)
Sending msg to client play-fork-run-69e666b5-b09a-4c16-9368-fb485b22476a: TaskStarted(7,632,None)
Sending msg to client play-fork-run-69e666b5-b09a-4c16-9368-fb485b22476a: TaskStarted(7,640,None)
Sending msg to client play-fork-run-69e666b5-b09a-4c16-9368-fb485b22476a: TaskStarted(7,647,None)
Sending msg to client play-fork-run-69e666b5-b09a-4c16-9368-fb485b22476a: TaskStarted(7,648,None)
Sending msg to client play-fork-run-69e666b5-b09a-4c16-9368-fb485b22476a: TaskFinished(7,612,Some(AttributeKey[scala.collection.Seq[sbt.Resolver]]("externalResolvers") in Scope(Build: file:/C:/Users/killermenpl/Dropbox/play-java/, , Project: ProjectReference(file:/C:/Users/killermenpl/Dropbox/play-java/,root))),true,None)
Sending msg to client play-fork-run-69e666b5-b09a-4c16-9368-fb485b22476a: TaskFinished(7,617,None,true,None)
Sending msg to client play-fork-run-69e666b5-b09a-4c16-9368-fb485b22476a: TaskStarted(7,616,Some(AttributeKey[sbt.BuildStructure]("buildStructure") in Scope(Global)))
Sending msg to client play-fork-run-69e666b5-b09a-4c16-9368-fb485b22476a: TaskStarted(7,625,Some(AttributeKey[java.io.File]("dependencyCacheDirectory") in Scope(Build: file:/C:/Users/killermenpl/Dropbox/play-java/, , Project: ProjectReference(file:/C:/Users/killermenpl/Dropbox/play-java/,root))))
Sending msg to client play-fork-run-69e666b5-b09a-4c16-9368-fb485b22476a: TaskFinished(7,619,Some(AttributeKey[scala.Option[scala.collection.Seq[sbt.Resolver]]]("bootResolvers") in Scope(Build: file:/C:/Users/killermenpl/Dropbox/play-java/, , Project: ProjectReference(file:/C:/Users/killermenpl/Dropbox/play-java/,root))),true,None)
Sending msg to client play-fork-run-69e666b5-b09a-4c16-9368-fb485b22476a: TaskFinished(7,624,Some(AttributeKey[java.lang.String]("updateCacheName") in Scope(Build: file:/C:/Users/killermenpl/Dropbox/play-java/, , Project: ProjectReference(file:/C:/Users/killermenpl/Dropbox/play-java/,root))),true,None)
Sending msg to client play-fork-run-69e666b5-b09a-4c16-9368-fb485b22476a: TaskFinished(7,627,None,true,None)
Sending msg to client play-fork-run-69e666b5-b09a-4c16-9368-fb485b22476a: TaskFinished(7,628,None,true,None)
Sending msg to client play-fork-run-69e666b5-b09a-4c16-9368-fb485b22476a: TaskFinished(7,634,None,true,None)
Sending msg to client play-fork-run-69e666b5-b09a-4c16-9368-fb485b22476a: TaskFinished(7,635,Some(AttributeKey[scala.collection.Seq[java.lang.String]]("javaOptions") in Scope(Global)),true,None)
Sending msg to client play-fork-run-69e666b5-b09a-4c16-9368-fb485b22476a: TaskStarted(7,633,Some(AttributeKey[scala.collection.Seq[java.lang.String]]("javaOptions") in Scope(Build: file:/C:/Users/killermenpl/Dropbox/play-java/, )))
Sending msg to client play-fork-run-69e666b5-b09a-4c16-9368-fb485b22476a: TaskFinished(7,646,None,true,None)
Sending msg to client play-fork-run-69e666b5-b09a-4c16-9368-fb485b22476a: TaskFinished(7,652,Some(AttributeKey[scala.Option[java.lang.String]]("mainClass") in Scope(Build: file:/C:/Users/killermenpl/Dropbox/play-java/, , Project: ProjectReference(file:/C:/Users/killermenpl/Dropbox/play-java/,root), Config: compile, Task: AttributeKey[void]("run"))),true,None)
Sending msg to client play-fork-run-69e666b5-b09a-4c16-9368-fb485b22476a: TaskFinished(7,651,None,true,None)
Sending msg to client play-fork-run-69e666b5-b09a-4c16-9368-fb485b22476a: TaskFinished(7,596,Some(AttributeKey[scala.collection.Seq[scala.Tuple2[java.lang.String,java.io.File]]]("playAllAssets") in Scope(Build: file:/C:/Users/killermenpl/Dropbox/play-java/, , Project: ProjectReference(file:/C:/Users/killermenpl/Dropbox/play-java/,root))),true,None)
Sending msg to client play-fork-run-69e666b5-b09a-4c16-9368-fb485b22476a: TaskFinished(7,601,Some(AttributeKey[scala.collection.Seq[sbt.UpdateReport]]("transitiveUpdate") in Scope(Build: file:/C:/Users/killermenpl/Dropbox/play-java/, , Project: ProjectReference(file:/C:/Users/killermenpl/Dropbox/play-java/,root))),true,None)
Sending msg to client play-fork-run-69e666b5-b09a-4c16-9368-fb485b22476a: TaskFinished(7,608,None,true,None)
Sending msg to client play-fork-run-69e666b5-b09a-4c16-9368-fb485b22476a: TaskFinished(7,618,None,true,None)
Sending msg to client play-fork-run-69e666b5-b09a-4c16-9368-fb485b22476a: TaskFinished(7,607,Some(AttributeKey[scala.collection.Seq[sbt.Credentials]]("credentials") in Scope(Global)),true,None)
Sending msg to client play-fork-run-69e666b5-b09a-4c16-9368-fb485b22476a: TaskFinished(7,631,None,true,None)
Sending msg to client play-fork-run-69e666b5-b09a-4c16-9368-fb485b22476a: TaskStarted(7,630,Some(AttributeKey[scala.collection.immutable.Map[sbt.ModuleID,sbt.SourcePosition]]("dependencyPositions") in Scope(Build: file:/C:/Users/killermenpl/Dropbox/play-java/, , Project: ProjectReference(file:/C:/Users/killermenpl/Dropbox/play-java/,root))))
Sending msg to client play-fork-run-69e666b5-b09a-4c16-9368-fb485b22476a: TaskFinished(7,632,None,true,None)
Sending msg to client play-fork-run-69e666b5-b09a-4c16-9368-fb485b22476a: TaskFinished(7,620,None,true,None)
Sending msg to client play-fork-run-69e666b5-b09a-4c16-9368-fb485b22476a: TaskFinished(7,640,None,true,None)
Sending msg to client play-fork-run-69e666b5-b09a-4c16-9368-fb485b22476a: TaskFinished(7,647,None,true,None)
Sending msg to client play-fork-run-69e666b5-b09a-4c16-9368-fb485b22476a: TaskFinished(7,648,None,true,None)
Sending msg to client play-fork-run-69e666b5-b09a-4c16-9368-fb485b22476a: TaskFinished(7,616,Some(AttributeKey[sbt.BuildStructure]("buildStructure") in Scope(Global)),true,None)
Sending msg to client play-fork-run-69e666b5-b09a-4c16-9368-fb485b22476a: TaskStarted(7,615,Some(AttributeKey[sbt.Settings[sbt.Scope]]("settingsData") in Scope(Global)))
Sending msg to client play-fork-run-69e666b5-b09a-4c16-9368-fb485b22476a: TaskFinished(7,625,Some(AttributeKey[java.io.File]("dependencyCacheDirectory") in Scope(Build: file:/C:/Users/killermenpl/Dropbox/play-java/, , Project: ProjectReference(file:/C:/Users/killermenpl/Dropbox/play-java/,root))),true,None)
Sending msg to client play-fork-run-69e666b5-b09a-4c16-9368-fb485b22476a: TaskFinished(7,633,Some(AttributeKey[scala.collection.Seq[java.lang.String]]("javaOptions") in Scope(Build: file:/C:/Users/killermenpl/Dropbox/play-java/, )),true,None)
Sending msg to client play-fork-run-69e666b5-b09a-4c16-9368-fb485b22476a: TaskFinished(7,615,Some(AttributeKey[sbt.Settings[sbt.Scope]]("settingsData") in Scope(Global)),true,None)
Sending msg to client play-fork-run-69e666b5-b09a-4c16-9368-fb485b22476a: TaskStarted(7,614,Some(AttributeKey[scala.collection.immutable.Map[org.apache.ivy.core.module.id.ModuleRevisionId,org.apache.ivy.core.module.descriptor.ModuleDescriptor]]("projectDescriptors") in Scope(Build: file:/C:/Users/killermenpl/Dropbox/play-java/, , Project: ProjectReference(file:/C:/Users/killermenpl/Dropbox/play-java/,root))))
Sending msg to client play-fork-run-69e666b5-b09a-4c16-9368-fb485b22476a: TaskStarted(7,623,Some(AttributeKey[scala.collection.Seq[sbt.ModuleID]]("projectDependencies") in Scope(Build: file:/C:/Users/killermenpl/Dropbox/play-java/, , Project: ProjectReference(file:/C:/Users/killermenpl/Dropbox/play-java/,root))))
Sending msg to client play-fork-run-69e666b5-b09a-4c16-9368-fb485b22476a: TaskStarted(7,626,None)
Sending msg to client play-fork-run-69e666b5-b09a-4c16-9368-fb485b22476a: TaskStarted(7,639,None)
Sending msg to client play-fork-run-69e666b5-b09a-4c16-9368-fb485b22476a: TaskStarted(7,650,Some(AttributeKey[scala.collection.Seq[java.io.File]]("playMonitoredFiles") in Scope(Build: file:/C:/Users/killermenpl/Dropbox/play-java/, , Project: ProjectReference(file:/C:/Users/killermenpl/Dropbox/play-java/,root))))
Sending msg to client play-fork-run-69e666b5-b09a-4c16-9368-fb485b22476a: TaskFinished(7,630,Some(AttributeKey[scala.collection.immutable.Map[sbt.ModuleID,sbt.SourcePosition]]("dependencyPositions") in Scope(Build: file:/C:/Users/killermenpl/Dropbox/play-java/, , Project: ProjectReference(file:/C:/Users/killermenpl/Dropbox/play-java/,root))),true,None)
Sending msg to client play-fork-run-69e666b5-b09a-4c16-9368-fb485b22476a: TaskStarted(7,629,Some(AttributeKey[sbt.UnresolvedWarningConfiguration]("unresolvedWarningConfiguration") in Scope(Build: file:/C:/Users/killermenpl/Dropbox/play-java/, , Project: ProjectReference(file:/C:/Users/killermenpl/Dropbox/play-java/,root), Task: AttributeKey[sbt.UpdateReport]("update"))))
Sending msg to client play-fork-run-69e666b5-b09a-4c16-9368-fb485b22476a: TaskStarted(7,654,None)
Sending msg to client play-fork-run-69e666b5-b09a-4c16-9368-fb485b22476a: TaskFinished(7,623,Some(AttributeKey[scala.collection.Seq[sbt.ModuleID]]("projectDependencies") in Scope(Build: file:/C:/Users/killermenpl/Dropbox/play-java/, , Project: ProjectReference(file:/C:/Users/killermenpl/Dropbox/play-java/,root))),true,None)
Sending msg to client play-fork-run-69e666b5-b09a-4c16-9368-fb485b22476a: TaskStarted(7,622,Some(AttributeKey[scala.collection.Seq[sbt.ModuleID]]("allDependencies") in Scope(Build: file:/C:/Users/killermenpl/Dropbox/play-java/, , Project: ProjectReference(file:/C:/Users/killermenpl/Dropbox/play-java/,root))))
Sending msg to client play-fork-run-69e666b5-b09a-4c16-9368-fb485b22476a: TaskStarted(7,655,None)
Sending msg to client play-fork-run-69e666b5-b09a-4c16-9368-fb485b22476a: TaskStarted(7,660,None)
Sending msg to client play-fork-run-69e666b5-b09a-4c16-9368-fb485b22476a: TaskStarted(7,662,None)
Sending msg to client play-fork-run-69e666b5-b09a-4c16-9368-fb485b22476a: TaskStarted(7,663,None)
Sending msg to client play-fork-run-69e666b5-b09a-4c16-9368-fb485b22476a: TaskStarted(7,665,None)
Sending msg to client play-fork-run-69e666b5-b09a-4c16-9368-fb485b22476a: TaskStarted(7,666,None)
Sending msg to client play-fork-run-69e666b5-b09a-4c16-9368-fb485b22476a: TaskFinished(7,629,Some(AttributeKey[sbt.UnresolvedWarningConfiguration]("unresolvedWarningConfiguration") in Scope(Build: file:/C:/Users/killermenpl/Dropbox/play-java/, , Project: ProjectReference(file:/C:/Users/killermenpl/Dropbox/play-java/,root), Task: AttributeKey[sbt.UpdateReport]("update"))),true,None)
Sending msg to client play-fork-run-69e666b5-b09a-4c16-9368-fb485b22476a: TaskFinished(7,654,None,true,None)
Sending msg to client play-fork-run-69e666b5-b09a-4c16-9368-fb485b22476a: TaskStarted(7,653,None)
Sending msg to client play-fork-run-69e666b5-b09a-4c16-9368-fb485b22476a: TaskFinished(7,622,Some(AttributeKey[scala.collection.Seq[sbt.ModuleID]]("allDependencies") in Scope(Build: file:/C:/Users/killermenpl/Dropbox/play-java/, , Project: ProjectReference(file:/C:/Users/killermenpl/Dropbox/play-java/,root))),true,None)
Sending msg to client play-fork-run-69e666b5-b09a-4c16-9368-fb485b22476a: TaskStarted(7,621,Some(AttributeKey[sbt.ModuleSettings]("moduleSettings") in Scope(Build: file:/C:/Users/killermenpl/Dropbox/play-java/, , Project: ProjectReference(file:/C:/Users/killermenpl/Dropbox/play-java/,root))))
Sending msg to client play-fork-run-69e666b5-b09a-4c16-9368-fb485b22476a: TaskFinished(7,662,None,true,None)
Sending msg to client play-fork-run-69e666b5-b09a-4c16-9368-fb485b22476a: TaskStarted(7,667,None)
Sending msg to client play-fork-run-69e666b5-b09a-4c16-9368-fb485b22476a: TaskFinished(7,655,None,true,None)
Sending msg to client play-fork-run-69e666b5-b09a-4c16-9368-fb485b22476a: TaskFinished(7,626,None,true,None)
Sending msg to client play-fork-run-69e666b5-b09a-4c16-9368-fb485b22476a: TaskFinished(7,663,None,true,None)
Sending msg to client play-fork-run-69e666b5-b09a-4c16-9368-fb485b22476a: TaskStarted(7,661,Some(AttributeKey[scala.collection.Seq[sbt.Attributed[java.io.File]]]("unmanagedJars") in Scope(Build: file:/C:/Users/killermenpl/Dropbox/play-java/, , Project: ProjectReference(file:/C:/Users/killermenpl/Dropbox/play-java/,root), Config: compile)))
Sending msg to client play-fork-run-69e666b5-b09a-4c16-9368-fb485b22476a: TaskFinished(7,665,None,true,None)
Sending msg to client play-fork-run-69e666b5-b09a-4c16-9368-fb485b22476a: TaskFinished(7,666,None,true,None)
Sending msg to client play-fork-run-69e666b5-b09a-4c16-9368-fb485b22476a: TaskStarted(7,664,Some(AttributeKey[scala.collection.Seq[sbt.Attributed[java.io.File]]]("unmanagedJars") in Scope(Build: file:/C:/Users/killermenpl/Dropbox/play-java/, , Project: ProjectReference(file:/C:/Users/killermenpl/Dropbox/play-java/,root), Config: runtime)))
Sending msg to client play-fork-run-69e666b5-b09a-4c16-9368-fb485b22476a: TaskFinished(7,653,None,true,None)
Sending msg to client play-fork-run-69e666b5-b09a-4c16-9368-fb485b22476a: TaskFinished(7,614,Some(AttributeKey[scala.collection.immutable.Map[org.apache.ivy.core.module.id.ModuleRevisionId,org.apache.ivy.core.module.descriptor.ModuleDescriptor]]("projectDescriptors") in Scope(Build: file:/C:/Users/killermenpl/Dropbox/play-java/, , Project: ProjectReference(file:/C:/Users/killermenpl/Dropbox/play-java/,root))),true,None)
Sending msg to client play-fork-run-69e666b5-b09a-4c16-9368-fb485b22476a: TaskStarted(7,613,Some(AttributeKey[sbt.Resolver]("projectResolver") in Scope(Build: file:/C:/Users/killermenpl/Dropbox/play-java/, , Project: ProjectReference(file:/C:/Users/killermenpl/Dropbox/play-java/,root))))
Sending msg to client play-fork-run-69e666b5-b09a-4c16-9368-fb485b22476a: TaskFinished(7,621,Some(AttributeKey[sbt.ModuleSettings]("moduleSettings") in Scope(Build: file:/C:/Users/killermenpl/Dropbox/play-java/, , Project: ProjectReference(file:/C:/Users/killermenpl/Dropbox/play-java/,root))),true,None)
Sending msg to client play-fork-run-69e666b5-b09a-4c16-9368-fb485b22476a: TaskFinished(7,667,None,true,None)
Sending msg to client play-fork-run-69e666b5-b09a-4c16-9368-fb485b22476a: TaskFinished(7,650,Some(AttributeKey[scala.collection.Seq[java.io.File]]("playMonitoredFiles") in Scope(Build: file:/C:/Users/killermenpl/Dropbox/play-java/, , Project: ProjectReference(file:/C:/Users/killermenpl/Dropbox/play-java/,root))),true,None)
Sending msg to client play-fork-run-69e666b5-b09a-4c16-9368-fb485b22476a: TaskFinished(7,661,Some(AttributeKey[scala.collection.Seq[sbt.Attributed[java.io.File]]]("unmanagedJars") in Scope(Build: file:/C:/Users/killermenpl/Dropbox/play-java/, , Project: ProjectReference(file:/C:/Users/killermenpl/Dropbox/play-java/,root), Config: compile)),true,None)
Sending msg to client play-fork-run-69e666b5-b09a-4c16-9368-fb485b22476a: TaskFinished(7,664,Some(AttributeKey[scala.collection.Seq[sbt.Attributed[java.io.File]]]("unmanagedJars") in Scope(Build: file:/C:/Users/killermenpl/Dropbox/play-java/, , Project: ProjectReference(file:/C:/Users/killermenpl/Dropbox/play-java/,root), Config: runtime)),true,None)
Sending msg to client play-fork-run-69e666b5-b09a-4c16-9368-fb485b22476a: TaskFinished(7,613,Some(AttributeKey[sbt.Resolver]("projectResolver") in Scope(Build: file:/C:/Users/killermenpl/Dropbox/play-java/, , Project: ProjectReference(file:/C:/Users/killermenpl/Dropbox/play-java/,root))),true,None)
Sending msg to client play-fork-run-69e666b5-b09a-4c16-9368-fb485b22476a: TaskStarted(7,611,Some(AttributeKey[scala.collection.Seq[sbt.Resolver]]("fullResolvers") in Scope(Build: file:/C:/Users/killermenpl/Dropbox/play-java/, , Project: ProjectReference(file:/C:/Users/killermenpl/Dropbox/play-java/,root))))
Sending msg to client play-fork-run-69e666b5-b09a-4c16-9368-fb485b22476a: TaskFinished(7,611,Some(AttributeKey[scala.collection.Seq[sbt.Resolver]]("fullResolvers") in Scope(Build: file:/C:/Users/killermenpl/Dropbox/play-java/, , Project: ProjectReference(file:/C:/Users/killermenpl/Dropbox/play-java/,root))),true,None)
Sending msg to client play-fork-run-69e666b5-b09a-4c16-9368-fb485b22476a: TaskStarted(7,610,Some(AttributeKey[sbt.IvyConfiguration]("ivyConfiguration") in Scope(Build: file:/C:/Users/killermenpl/Dropbox/play-java/, , Project: ProjectReference(file:/C:/Users/killermenpl/Dropbox/play-java/,root))))
Sending msg to client play-fork-run-69e666b5-b09a-4c16-9368-fb485b22476a: TaskFinished(7,660,None,true,None)
Sending msg to client play-fork-run-69e666b5-b09a-4c16-9368-fb485b22476a: TaskStarted(7,659,None)
Sending msg to client play-fork-run-69e666b5-b09a-4c16-9368-fb485b22476a: TaskFinished(7,610,Some(AttributeKey[sbt.IvyConfiguration]("ivyConfiguration") in Scope(Build: file:/C:/Users/killermenpl/Dropbox/play-java/, , Project: ProjectReference(file:/C:/Users/killermenpl/Dropbox/play-java/,root))),true,None)
Sending msg to client play-fork-run-69e666b5-b09a-4c16-9368-fb485b22476a: TaskStarted(7,606,Some(AttributeKey[sbt.IvySbt]("ivySbt") in Scope(Build: file:/C:/Users/killermenpl/Dropbox/play-java/, , Project: ProjectReference(file:/C:/Users/killermenpl/Dropbox/play-java/,root))))
Sending msg to client play-fork-run-69e666b5-b09a-4c16-9368-fb485b22476a: TaskStarted(7,668,None)
Sending msg to client play-fork-run-69e666b5-b09a-4c16-9368-fb485b22476a: TaskFinished(7,668,None,true,None)
Sending msg to client play-fork-run-69e666b5-b09a-4c16-9368-fb485b22476a: TaskFinished(7,659,None,true,None)
Sending msg to client play-fork-run-69e666b5-b09a-4c16-9368-fb485b22476a: TaskStarted(7,658,Some(AttributeKey[scala.collection.Seq[sbt.Attributed[java.io.File]]]("unmanagedJars") in Scope(Build: file:/C:/Users/killermenpl/Dropbox/play-java/, , Project: ProjectReference(file:/C:/Users/killermenpl/Dropbox/play-java/,root), Config: compile)))
Sending msg to client play-fork-run-69e666b5-b09a-4c16-9368-fb485b22476a: TaskFinished(7,606,Some(AttributeKey[sbt.IvySbt]("ivySbt") in Scope(Build: file:/C:/Users/killermenpl/Dropbox/play-java/, , Project: ProjectReference(file:/C:/Users/killermenpl/Dropbox/play-java/,root))),true,None)
Sending msg to client play-fork-run-69e666b5-b09a-4c16-9368-fb485b22476a: TaskStarted(7,605,Some(AttributeKey[sbt.IvySbt$Module]("ivyModule") in Scope(Build: file:/C:/Users/killermenpl/Dropbox/play-java/, , Project: ProjectReference(file:/C:/Users/killermenpl/Dropbox/play-java/,root))))
Sending msg to client play-fork-run-69e666b5-b09a-4c16-9368-fb485b22476a: TaskFinished(7,658,Some(AttributeKey[scala.collection.Seq[sbt.Attributed[java.io.File]]]("unmanagedJars") in Scope(Build: file:/C:/Users/killermenpl/Dropbox/play-java/, , Project: ProjectReference(file:/C:/Users/killermenpl/Dropbox/play-java/,root), Config: compile)),true,None)
Sending msg to client play-fork-run-69e666b5-b09a-4c16-9368-fb485b22476a: TaskStarted(7,657,None)
Sending msg to client play-fork-run-69e666b5-b09a-4c16-9368-fb485b22476a: TaskFinished(7,605,Some(AttributeKey[sbt.IvySbt$Module]("ivyModule") in Scope(Build: file:/C:/Users/killermenpl/Dropbox/play-java/, , Project: ProjectReference(file:/C:/Users/killermenpl/Dropbox/play-java/,root))),true,None)
Sending msg to client play-fork-run-69e666b5-b09a-4c16-9368-fb485b22476a: TaskStarted(7,600,Some(AttributeKey[sbt.UpdateReport]("update") in Scope(Build: file:/C:/Users/killermenpl/Dropbox/play-java/, , Project: ProjectReference(file:/C:/Users/killermenpl/Dropbox/play-java/,root))))
Sending msg to client play-fork-run-69e666b5-b09a-4c16-9368-fb485b22476a: TaskFinished(7,657,None,true,None)
Sending msg to client play-fork-run-69e666b5-b09a-4c16-9368-fb485b22476a: TaskStarted(7,656,None)
Sending msg to client play-fork-run-69e666b5-b09a-4c16-9368-fb485b22476a: TaskFinished(7,656,None,true,None)
Sending msg to client play-fork-run-69e666b5-b09a-4c16-9368-fb485b22476a: TaskFinished(7,639,None,true,None)
Sending msg to client play-fork-run-69e666b5-b09a-4c16-9368-fb485b22476a: TaskStarted(7,638,Some(AttributeKey[scala.collection.Seq[sbt.Attributed[java.io.File]]]("unmanagedClasspath") in Scope(Build: file:/C:/Users/killermenpl/Dropbox/play-java/, , Project: ProjectReference(file:/C:/Users/killermenpl/Dropbox/play-java/,root), Config: runtime)))
Sending msg to client play-fork-run-69e666b5-b09a-4c16-9368-fb485b22476a: TaskFinished(7,638,Some(AttributeKey[scala.collection.Seq[sbt.Attributed[java.io.File]]]("unmanagedClasspath") in Scope(Build: file:/C:/Users/killermenpl/Dropbox/play-java/, , Project: ProjectReference(file:/C:/Users/killermenpl/Dropbox/play-java/,root), Config: runtime)),true,None)
Sending msg to client play-fork-run-69e666b5-b09a-4c16-9368-fb485b22476a: TaskFinished(7,600,Some(AttributeKey[sbt.UpdateReport]("update") in Scope(Build: file:/C:/Users/killermenpl/Dropbox/play-java/, , Project: ProjectReference(file:/C:/Users/killermenpl/Dropbox/play-java/,root))),true,None)
Sending msg to client play-fork-run-69e666b5-b09a-4c16-9368-fb485b22476a: TaskStarted(7,599,Some(AttributeKey[sbt.UpdateReport]("update") in Scope(Build: file:/C:/Users/killermenpl/Dropbox/play-java/, , Project: ProjectReference(file:/C:/Users/killermenpl/Dropbox/play-java/,root))))
Sending msg to client play-fork-run-69e666b5-b09a-4c16-9368-fb485b22476a: TaskFinished(7,599,Some(AttributeKey[sbt.UpdateReport]("update") in Scope(Build: file:/C:/Users/killermenpl/Dropbox/play-java/, , Project: ProjectReference(file:/C:/Users/killermenpl/Dropbox/play-java/,root))),true,None)
Sending msg to client play-fork-run-69e666b5-b09a-4c16-9368-fb485b22476a: TaskStarted(7,598,Some(AttributeKey[scala.collection.Seq[sbt.Attributed[java.io.File]]]("managedClasspath") in Scope(Build: file:/C:/Users/killermenpl/Dropbox/play-java/, , Project: ProjectReference(file:/C:/Users/killermenpl/Dropbox/play-java/,root), Config: docs)))
Sending msg to client play-fork-run-69e666b5-b09a-4c16-9368-fb485b22476a: TaskStarted(7,645,Some(AttributeKey[sbt.Configuration]("classpathConfiguration") in Scope(Build: file:/C:/Users/killermenpl/Dropbox/play-java/, , Project: ProjectReference(file:/C:/Users/killermenpl/Dropbox/play-java/,root), Config: compile)))
Sending msg to client play-fork-run-69e666b5-b09a-4c16-9368-fb485b22476a: TaskFinished(7,645,Some(AttributeKey[sbt.Configuration]("classpathConfiguration") in Scope(Build: file:/C:/Users/killermenpl/Dropbox/play-java/, , Project: ProjectReference(file:/C:/Users/killermenpl/Dropbox/play-java/,root), Config: compile)),true,None)
Sending msg to client play-fork-run-69e666b5-b09a-4c16-9368-fb485b22476a: TaskStarted(7,644,None)
Sending msg to client play-fork-run-69e666b5-b09a-4c16-9368-fb485b22476a: TaskFinished(7,598,Some(AttributeKey[scala.collection.Seq[sbt.Attributed[java.io.File]]]("managedClasspath") in Scope(Build: file:/C:/Users/killermenpl/Dropbox/play-java/, , Project: ProjectReference(file:/C:/Users/killermenpl/Dropbox/play-java/,root), Config: docs)),true,None)
Sending msg to client play-fork-run-69e666b5-b09a-4c16-9368-fb485b22476a: TaskStarted(7,649,Some(AttributeKey[scala.Option[java.io.File]]("playDocsJar") in Scope(Build: file:/C:/Users/killermenpl/Dropbox/play-java/, , Project: ProjectReference(file:/C:/Users/killermenpl/Dropbox/play-java/,root))))
Sending msg to client play-fork-run-69e666b5-b09a-4c16-9368-fb485b22476a: TaskFinished(7,644,None,true,None)
Sending msg to client play-fork-run-69e666b5-b09a-4c16-9368-fb485b22476a: TaskStarted(7,643,Some(AttributeKey[sbt.Configuration]("classpathConfiguration") in Scope(Build: file:/C:/Users/killermenpl/Dropbox/play-java/, , Project: ProjectReference(file:/C:/Users/killermenpl/Dropbox/play-java/,root), Config: runtime)))
Sending msg to client play-fork-run-69e666b5-b09a-4c16-9368-fb485b22476a: TaskFinished(7,649,Some(AttributeKey[scala.Option[java.io.File]]("playDocsJar") in Scope(Build: file:/C:/Users/killermenpl/Dropbox/play-java/, , Project: ProjectReference(file:/C:/Users/killermenpl/Dropbox/play-java/,root))),true,None)
Sending msg to client play-fork-run-69e666b5-b09a-4c16-9368-fb485b22476a: TaskFinished(7,643,Some(AttributeKey[sbt.Configuration]("classpathConfiguration") in Scope(Build: file:/C:/Users/killermenpl/Dropbox/play-java/, , Project: ProjectReference(file:/C:/Users/killermenpl/Dropbox/play-java/,root), Config: runtime)),true,None)
Sending msg to client play-fork-run-69e666b5-b09a-4c16-9368-fb485b22476a: TaskStarted(7,642,None)
Sending msg to client play-fork-run-69e666b5-b09a-4c16-9368-fb485b22476a: TaskFinished(7,642,None,true,None)
Sending msg to client play-fork-run-69e666b5-b09a-4c16-9368-fb485b22476a: TaskStarted(7,641,Some(AttributeKey[scala.collection.Seq[sbt.Attributed[java.io.File]]]("managedClasspath") in Scope(Build: file:/C:/Users/killermenpl/Dropbox/play-java/, , Project: ProjectReference(file:/C:/Users/killermenpl/Dropbox/play-java/,root), Config: runtime)))
Sending msg to client play-fork-run-69e666b5-b09a-4c16-9368-fb485b22476a: TaskFinished(7,641,Some(AttributeKey[scala.collection.Seq[sbt.Attributed[java.io.File]]]("managedClasspath") in Scope(Build: file:/C:/Users/killermenpl/Dropbox/play-java/, , Project: ProjectReference(file:/C:/Users/killermenpl/Dropbox/play-java/,root), Config: runtime)),true,None)
Sending msg to client play-fork-run-69e666b5-b09a-4c16-9368-fb485b22476a: TaskStarted(7,637,None)
Sending msg to client play-fork-run-69e666b5-b09a-4c16-9368-fb485b22476a: TaskFinished(7,637,None,true,None)
Sending msg to client play-fork-run-69e666b5-b09a-4c16-9368-fb485b22476a: TaskStarted(7,636,Some(AttributeKey[scala.collection.Seq[sbt.Attributed[java.io.File]]]("playDependencyClasspath") in Scope(Build: file:/C:/Users/killermenpl/Dropbox/play-java/, , Project: ProjectReference(file:/C:/Users/killermenpl/Dropbox/play-java/,root))))
Sending msg to client play-fork-run-69e666b5-b09a-4c16-9368-fb485b22476a: TaskFinished(7,636,Some(AttributeKey[scala.collection.Seq[sbt.Attributed[java.io.File]]]("playDependencyClasspath") in Scope(Build: file:/C:/Users/killermenpl/Dropbox/play-java/, , Project: ProjectReference(file:/C:/Users/killermenpl/Dropbox/play-java/,root))),true,None)
Sending msg to client play-fork-run-69e666b5-b09a-4c16-9368-fb485b22476a: TaskStarted(7,595,Some(AttributeKey[play.forkrun.protocol.ForkConfig]("playForkConfig") in Scope(Build: file:/C:/Users/killermenpl/Dropbox/play-java/, , Project: ProjectReference(file:/C:/Users/killermenpl/Dropbox/play-java/,root))))
Sending msg to client play-fork-run-69e666b5-b09a-4c16-9368-fb485b22476a: TaskFinished(7,595,Some(AttributeKey[play.forkrun.protocol.ForkConfig]("playForkConfig") in Scope(Build: file:/C:/Users/killermenpl/Dropbox/play-java/, , Project: ProjectReference(file:/C:/Users/killermenpl/Dropbox/play-java/,root))),true,None)
Sending msg to client play-fork-run-69e666b5-b09a-4c16-9368-fb485b22476a: ValueChanged(AttributeKey[play.forkrun.protocol.ForkConfig]("playForkConfig") in Scope(Build: file:/C:/Users/killermenpl/Dropbox/play-java/, , Project: ProjectReference(file:/C:/Users/killermenpl/Dropbox/play-java/,root)),TaskSuccess(BuildValue(LazyValue(ForkConfig(C:\Users\killermenpl\Dropbox\play-java,List(-Djna.nosys=true),List(C:\Users\killermenpl\.ivy2\cache\com.typesafe.play\play-enhancer\jars\play-enhancer-1.1.0.jar, C:\Users\killermenpl\.ivy2\cache\com.typesafe.play\twirl-api_2.11\jars\twirl-api_2.11-1.1.1.jar, C:\Users\killermenpl\.ivy2\cache\org.apache.commons\commons-lang3\jars\commons-lang3-3.4.jar, C:\Users\killermenpl\.ivy2\cache\org.scala-lang.modules\scala-xml_2.11\bundles\scala-xml_2.11-1.0.1.jar, C:\Users\killermenpl\.ivy2\cache\com.typesafe.play\play-ebean_2.11\jars\play-ebean_2.11-1.0.0.jar, C:\Users\killermenpl\.ivy2\cache\com.typesafe.play\play-java-jdbc_2.11\jars\play-java-jdbc_2.11-2.5.1.jar, C:\Users\killermenpl\.ivy2\cache\com.typesafe.play\play-jdbc_2.11\jars\play-jdbc_2.11-2.5.1.jar, C:\Users\killermenpl\.ivy2\cache\com.typesafe.play\play-jdbc-api_2.11\jars\play-jdbc-api_2.11-2.5.1.jar, C:\Users\killermenpl\.ivy2\cache\com.typesafe.play\play_2.11\jars\play_2.11-2.5.1.jar, C:\Users\killermenpl\.ivy2\cache\com.typesafe.play\build-link\jars\build-link-2.5.1.jar, C:\Users\killermenpl\.ivy2\cache\com.typesafe.play\play-exceptions\jars\play-exceptions-2.5.1.jar, C:\Users\killermenpl\.ivy2\cache\com.typesafe.play\play-iteratees_2.11\jars\play-iteratees_2.11-2.5.1.jar, C:\Users\killermenpl\.ivy2\cache\org.scala-stm\scala-stm_2.11\jars\scala-stm_2.11-0.7.jar, C:\Users\killermenpl\.ivy2\cache\com.typesafe\config\bundles\config-1.3.0.jar, C:\Users\killermenpl\.ivy2\cache\com.typesafe.play\play-json_2.11\jars\play-json_2.11-2.5.1.jar, C:\Users\killermenpl\.ivy2\cache\com.typesafe.play\play-functional_2.11\jars\play-functional_2.11-2.5.1.jar, C:\Users\killermenpl\.ivy2\cache\com.typesafe.play\play-datacommons_2.11\jars\play-datacommons_2.11-2.5.1.jar, C:\Users\killermenpl\.ivy2\cache\joda-time\joda-time\jars\joda-time-2.9.2.jar, C:\Users\killermenpl\.ivy2\cache\org.joda\joda-convert\jars\joda-convert-1.8.1.jar, C:\Users\killermenpl\.ivy2\cache\org.scala-lang\scala-reflect\jars\scala-reflect-2.11.7.jar, C:\Users\killermenpl\.ivy2\cache\com.fasterxml.jackson.core\jackson-core\bundles\jackson-core-2.7.1.jar, C:\Users\killermenpl\.ivy2\cache\com.fasterxml.jackson.core\jackson-annotations\bundles\jackson-annotations-2.7.1.jar, C:\Users\killermenpl\.ivy2\cache\com.fasterxml.jackson.core\jackson-databind\bundles\jackson-databind-2.7.1.jar, C:\Users\killermenpl\.ivy2\cache\com.fasterxml.jackson.datatype\jackson-datatype-jdk8\bundles\jackson-datatype-jdk8-2.7.1.jar, C:\Users\killermenpl\.ivy2\cache\com.fasterxml.jackson.datatype\jackson-datatype-jsr310\bundles\jackson-datatype-jsr310-2.7.1.jar, C:\Users\killermenpl\.ivy2\cache\com.typesafe.play\play-netty-utils\jars\play-netty-utils-2.5.1.jar, C:\Users\killermenpl\.ivy2\cache\org.slf4j\slf4j-api\jars\slf4j-api-1.7.16.jar, C:\Users\killermenpl\.ivy2\cache\org.slf4j\jul-to-slf4j\jars\jul-to-slf4j-1.7.16.jar, C:\Users\killermenpl\.ivy2\cache\org.slf4j\jcl-over-slf4j\jars\jcl-over-slf4j-1.7.16.jar, C:\Users\killermenpl\.ivy2\cache\com.typesafe.play\play-streams_2.11\jars\play-streams_2.11-2.5.1.jar, C:\Users\killermenpl\.ivy2\cache\org.reactivestreams\reactive-streams\jars\reactive-streams-1.0.0.jar, C:\Users\killermenpl\.ivy2\cache\com.typesafe.akka\akka-stream_2.11\jars\akka-stream_2.11-2.4.2.jar, C:\Users\killermenpl\.ivy2\cache\com.typesafe.akka\akka-actor_2.11\jars\akka-actor_2.11-2.4.2.jar, C:\Users\killermenpl\.ivy2\cache\org.scala-lang.modules\scala-java8-compat_2.11\bundles\scala-java8-compat_2.11-0.7.0.jar, C:\Users\killermenpl\.ivy2\cache\com.typesafe\ssl-config-akka_2.11\bundles\ssl-config-akka_2.11-0.1.3.jar, C:\Users\killermenpl\.ivy2\cache\com.typesafe\ssl-config-core_2.11\bundles\ssl-config-core_2.11-0.1.3.jar, C:\Users\killermenpl\.ivy2\cache\org.scala-lang.modules\scala-parser-combinators_2.11\bundles\scala-parser-combinators_2.11-1.0.4.jar, C:\Users\killermenpl\.ivy2\cache\com.typesafe.akka\akka-slf4j_2.11\jars\akka-slf4j_2.11-2.4.2.jar, C:\Users\killermenpl\.ivy2\cache\commons-codec\commons-codec\jars\commons-codec-1.10.jar, C:\Users\killermenpl\.ivy2\cache\xerces\xercesImpl\jars\xercesImpl-2.11.0.jar, C:\Users\killermenpl\.ivy2\cache\xml-apis\xml-apis\jars\xml-apis-1.4.01.jar, C:\Users\killermenpl\.ivy2\cache\javax.transaction\jta\jars\jta-1.1.jar, C:\Users\killermenpl\.ivy2\cache\com.google.inject\guice\jars\guice-4.0.jar, C:\Users\killermenpl\.ivy2\cache\javax.inject\javax.inject\jars\javax.inject-1.jar, C:\Users\killermenpl\.ivy2\cache\aopalliance\aopalliance\jars\aopalliance-1.0.jar, C:\Users\killermenpl\.ivy2\cache\com.google.inject.extensions\guice-assistedinject\jars\guice-assistedinject-4.0.jar, C:\Users\killermenpl\.ivy2\cache\com.jolbox\bonecp\bundles\bonecp-0.8.0.RELEASE.jar, C:\Users\killermenpl\.ivy2\cache\com.zaxxer\HikariCP\bundles\HikariCP-2.4.3.jar, C:\Users\killermenpl\.ivy2\cache\com.googlecode.usc\jdbcdslog\jars\jdbcdslog-1.0.6.2.jar, C:\Users\killermenpl\.ivy2\cache\com.h2database\h2\jars\h2-1.4.191.jar, C:\Users\killermenpl\.ivy2\cache\tyrex\tyrex\jars\tyrex-1.0.1.jar, C:\Users\killermenpl\.ivy2\cache\com.typesafe.play\play-java_2.11\jars\play-java_2.11-2.5.1.jar, C:\Users\killermenpl\.ivy2\cache\org.yaml\snakeyaml\bundles\snakeyaml-1.16.jar, C:\Users\killermenpl\.ivy2\cache\org.hibernate\hibernate-validator\jars\hibernate-validator-5.2.4.Final.jar, C:\Users\killermenpl\.ivy2\cache\javax.validation\validation-api\jars\validation-api-1.1.0.Final.jar, C:\Users\killermenpl\.ivy2\cache\org.jboss.logging\jboss-logging\jars\jboss-logging-3.2.1.Final.jar, C:\Users\killermenpl\.ivy2\cache\com.fasterxml\classmate\bundles\classmate-1.1.0.jar, C:\Users\killermenpl\.ivy2\cache\javax.el\javax.el-api\jars\javax.el-api-3.0.0.jar, C:\Users\killermenpl\.ivy2\cache\org.springframework\spring-context\jars\spring-context-4.2.4.RELEASE.jar, C:\Users\killermenpl\.ivy2\cache\org.springframework\spring-core\jars\spring-core-4.2.4.RELEASE.jar, C:\Users\killermenpl\.ivy2\cache\org.springframework\spring-beans\jars\spring-beans-4.2.4.RELEASE.jar, C:\Users\killermenpl\.ivy2\cache\org.reflections\reflections\jars\reflections-0.9.10.jar, C:\Users\killermenpl\.ivy2\cache\com.google.guava\guava\bundles\guava-19.0.jar, C:\Users\killermenpl\.ivy2\cache\net.jodah\typetools\bundles\typetools-0.4.4.jar, C:\Users\killermenpl\.ivy2\cache\com.google.code.findbugs\jsr305\jars\jsr305-3.0.1.jar, C:\Users\killermenpl\.ivy2\cache\org.apache.tomcat\tomcat-servlet-api\jars\tomcat-servlet-api-8.0.32.jar, C:\Users\killermenpl\.ivy2\cache\com.typesafe.play\play-jdbc-evolutions_2.11\jars\play-jdbc-evolutions_2.11-2.5.1.jar, C:\Users\killermenpl\.ivy2\cache\org.avaje.ebeanorm\avaje-ebeanorm\jars\avaje-ebeanorm-4.6.2.jar, C:\Users\killermenpl\.ivy2\cache\javax.persistence\persistence-api\jars\persistence-api-1.0.jar, C:\Users\killermenpl\.ivy2\cache\org.avaje.ebeanorm\avaje-ebeanorm-agent\jars\avaje-ebeanorm-agent-4.5.3.jar, C:\Users\killermenpl\.ivy2\cache\com.typesafe.play\play-server_2.11\jars\play-server_2.11-2.5.1.jar, C:\Users\killermenpl\.ivy2\cache\com.typesafe.play\play-netty-server_2.11\jars\play-netty-server_2.11-2.5.1.jar, C:\Users\killermenpl\.ivy2\cache\com.typesafe.netty\netty-reactive-streams-http\jars\netty-reactive-streams-http-1.0.5.jar, C:\Users\killermenpl\.ivy2\cache\com.typesafe.netty\netty-reactive-streams\jars\netty-reactive-streams-1.0.5.jar, C:\Users\killermenpl\.ivy2\cache\io.netty\netty-handler\jars\netty-handler-4.0.34.Final.jar, C:\Users\killermenpl\.ivy2\cache\io.netty\netty-buffer\jars\netty-buffer-4.0.34.Final.jar, C:\Users\killermenpl\.ivy2\cache\io.netty\netty-common\jars\netty-common-4.0.34.Final.jar, C:\Users\killermenpl\.ivy2\cache\io.netty\netty-transport\jars\netty-transport-4.0.34.Final.jar, C:\Users\killermenpl\.ivy2\cache\io.netty\netty-codec\jars\netty-codec-4.0.34.Final.jar, C:\Users\killermenpl\.ivy2\cache\io.netty\netty-codec-http\jars\netty-codec-http-4.0.34.Final.jar, C:\Users\killermenpl\.ivy2\cache\io.netty\netty-transport-native-epoll\jars\netty-transport-native-epoll-4.0.34.Final-linux-x86_64.jar, C:\Users\killermenpl\.ivy2\cache\com.typesafe.play\play-logback_2.11\jars\play-logback_2.11-2.5.1.jar, C:\Users\killermenpl\.ivy2\cache\ch.qos.logback\logback-core\jars\logback-core-1.1.4.jar, C:\Users\killermenpl\.ivy2\cache\ch.qos.logback\logback-classic\jars\logback-classic-1.1.4.jar, C:\Users\killermenpl\.ivy2\cache\com.typesafe.play\play-cache_2.11\jars\play-cache_2.11-2.5.1.jar, C:\Users\killermenpl\.ivy2\cache\net.sf.ehcache\ehcache-core\jars\ehcache-core-2.6.11.jar, C:\Users\killermenpl\.ivy2\cache\com.typesafe.play\play-java-ws_2.11\jars\play-java-ws_2.11-2.5.1.jar, C:\Users\killermenpl\.ivy2\cache\com.typesafe.play\play-ws_2.11\jars\play-ws_2.11-2.5.1.jar, C:\Users\killermenpl\.ivy2\cache\org.asynchttpclient\async-http-client\jars\async-http-client-2.0.0-RC16.jar, C:\Users\killermenpl\.ivy2\cache\org.asynchttpclient\netty-resolver-dns\jars\netty-resolver-dns-2.0.0-RC16.jar, C:\Users\killermenpl\.ivy2\cache\org.asynchttpclient\netty-resolver\jars\netty-resolver-2.0.0-RC16.jar, C:\Users\killermenpl\.ivy2\cache\org.asynchttpclient\netty-codec-dns\jars\netty-codec-dns-2.0.0-RC16.jar, C:\Users\killermenpl\.ivy2\cache\org.javassist\javassist\bundles\javassist-3.20.0-GA.jar, C:\Users\killermenpl\.ivy2\cache\oauth.signpost\signpost-core\jars\signpost-core-1.2.1.2.jar, C:\Users\killermenpl\.ivy2\cache\oauth.signpost\signpost-commonshttp4\jars\signpost-commonshttp4-1.2.1.2.jar, C:\Users\killermenpl\.ivy2\cache\org.apache.httpcomponents\httpcore\jars\httpcore-4.0.1.jar, C:\Users\killermenpl\.ivy2\cache\org.apache.httpcomponents\httpclient\jars\httpclient-4.0.1.jar, C:\Users\killermenpl\.ivy2\cache\commons-logging\commons-logging\jars\commons-logging-1.1.1.jar, C:\Users\killermenpl\.ivy2\cache\mysql\mysql-connector-java\jars\mysql-connector-java-5.1.18.jar, C:\Users\killermenpl\.ivy2\cache\org.webjars\webjars-play_2.11\jars\webjars-play_2.11-2.5.0.jar, C:\Users\killermenpl\.ivy2\cache\org.scala-lang\scala-library\jars\scala-library-2.11.8.jar, C:\Users\killermenpl\.ivy2\cache\org.webjars\requirejs\jars\requirejs-2.1.20.jar, C:\Users\killermenpl\.ivy2\cache\org.webjars\webjars-locator\jars\webjars-locator-0.30.jar, C:\Users\killermenpl\.ivy2\cache\org.webjars\webjars-locator-core\jars\webjars-locator-core-0.30.jar, C:\Users\killermenpl\.ivy2\cache\org.apache.commons\commons-compress\jars\commons-compress-1.9.jar, C:\Users\killermenpl\.ivy2\cache\org.mindrot\jbcrypt\jars\jbcrypt-0.3m.jar, C:\Users\killermenpl\.ivy2\cache\org.thymeleaf\thymeleaf\jars\thymeleaf-2.1.4.RELEASE.jar, C:\Users\killermenpl\.ivy2\cache\ognl\ognl\jars\ognl-3.0.8.jar, C:\Users\killermenpl\.ivy2\cache\org.unbescape\unbescape\jars\unbescape-1.1.0.RELEASE.jar),List((public/,C:\Users\killermenpl\Dropbox\play-java\target\web\public\main)),List(C:\Users\killermenpl\.ivy2\cache\com.typesafe.play\play-omnidoc_2.11\jars\play-omnidoc_2.11-2.5.1.jar, C:\Users\killermenpl\.ivy2\cache\org.scala-lang\scala-library\jars\scala-library-2.11.7.jar, C:\Users\killermenpl\.ivy2\cache\com.typesafe.play\play-docs_2.11\jars\play-docs_2.11-2.5.1.jar, C:\Users\killermenpl\.ivy2\cache\com.typesafe.play\play-netty-server_2.11\jars\play-netty-server_2.11-2.5.1.jar, C:\Users\killermenpl\.ivy2\cache\com.typesafe.play\play-server_2.11\jars\play-server_2.11-2.5.1.jar, C:\Users\killermenpl\.ivy2\cache\com.typesafe.play\play_2.11\jars\play_2.11-2.5.1.jar, C:\Users\killermenpl\.ivy2\cache\com.typesafe.play\build-link\jars\build-link-2.5.1.jar, C:\Users\killermenpl\.ivy2\cache\com.typesafe.play\play-exceptions\jars\play-exceptions-2.5.1.jar, C:\Users\killermenpl\.ivy2\cache\com.typesafe.play\play-iteratees_2.11\jars\play-iteratees_2.11-2.5.1.jar, C:\Users\killermenpl\.ivy2\cache\org.scala-stm\scala-stm_2.11\jars\scala-stm_2.11-0.7.jar, C:\Users\killermenpl\.ivy2\cache\com.typesafe\config\bundles\config-1.3.0.jar, C:\Users\killermenpl\.ivy2\cache\com.typesafe.play\play-json_2.11\jars\play-json_2.11-2.5.1.jar, C:\Users\killermenpl\.ivy2\cache\com.typesafe.play\play-functional_2.11\jars\play-functional_2.11-2.5.1.jar, C:\Users\killermenpl\.ivy2\cache\com.typesafe.play\play-datacommons_2.11\jars\play-datacommons_2.11-2.5.1.jar, C:\Users\killermenpl\.ivy2\cache\joda-time\joda-time\jars\joda-time-2.9.2.jar, C:\Users\killermenpl\.ivy2\cache\org.joda\joda-convert\jars\joda-convert-1.8.1.jar, C:\Users\killermenpl\.ivy2\cache\org.scala-lang\scala-reflect\jars\scala-reflect-2.11.7.jar, C:\Users\killermenpl\.ivy2\cache\com.fasterxml.jackson.core\jackson-core\bundles\jackson-core-2.7.1.jar, C:\Users\killermenpl\.ivy2\cache\com.fasterxml.jackson.core\jackson-annotations\bundles\jackson-annotations-2.7.1.jar, C:\Users\killermenpl\.ivy2\cache\com.fasterxml.jackson.core\jackson-databind\bundles\jackson-databind-2.7.1.jar, C:\Users\killermenpl\.ivy2\cache\com.fasterxml.jackson.datatype\jackson-datatype-jdk8\bundles\jackson-datatype-jdk8-2.7.1.jar, C:\Users\killermenpl\.ivy2\cache\com.fasterxml.jackson.datatype\jackson-datatype-jsr310\bundles\jackson-datatype-jsr310-2.7.1.jar, C:\Users\killermenpl\.ivy2\cache\com.typesafe.play\play-netty-utils\jars\play-netty-utils-2.5.1.jar, C:\Users\killermenpl\.ivy2\cache\org.slf4j\slf4j-api\jars\slf4j-api-1.7.16.jar, C:\Users\killermenpl\.ivy2\cache\org.slf4j\jul-to-slf4j\jars\jul-to-slf4j-1.7.16.jar, C:\Users\killermenpl\.ivy2\cache\org.slf4j\jcl-over-slf4j\jars\jcl-over-slf4j-1.7.16.jar, C:\Users\killermenpl\.ivy2\cache\com.typesafe.play\play-streams_2.11\jars\play-streams_2.11-2.5.1.jar, C:\Users\killermenpl\.ivy2\cache\org.reactivestreams\reactive-streams\jars\reactive-streams-1.0.0.jar, C:\Users\killermenpl\.ivy2\cache\com.typesafe.akka\akka-stream_2.11\jars\akka-stream_2.11-2.4.2.jar, C:\Users\killermenpl\.ivy2\cache\com.typesafe.akka\akka-actor_2.11\jars\akka-actor_2.11-2.4.2.jar, C:\Users\killermenpl\.ivy2\cache\org.scala-lang.modules\scala-java8-compat_2.11\bundles\scala-java8-compat_2.11-0.7.0.jar, C:\Users\killermenpl\.ivy2\cache\com.typesafe\ssl-config-akka_2.11\bundles\ssl-config-akka_2.11-0.1.3.jar, C:\Users\killermenpl\.ivy2\cache\com.typesafe\ssl-config-core_2.11\bundles\ssl-config-core_2.11-0.1.3.jar, C:\Users\killermenpl\.ivy2\cache\org.scala-lang.modules\scala-parser-combinators_2.11\bundles\scala-parser-combinators_2.11-1.0.4.jar, C:\Users\killermenpl\.ivy2\cache\com.typesafe.play\twirl-api_2.11\jars\twirl-api_2.11-1.1.1.jar, C:\Users\killermenpl\.ivy2\cache\org.apache.commons\commons-lang3\jars\commons-lang3-3.4.jar, C:\Users\killermenpl\.ivy2\cache\org.scala-lang.modules\scala-xml_2.11\bundles\scala-xml_2.11-1.0.1.jar, C:\Users\killermenpl\.ivy2\cache\com.typesafe.akka\akka-slf4j_2.11\jars\akka-slf4j_2.11-2.4.2.jar, C:\Users\killermenpl\.ivy2\cache\commons-codec\commons-codec\jars\commons-codec-1.10.jar, C:\Users\killermenpl\.ivy2\cache\xerces\xercesImpl\jars\xercesImpl-2.11.0.jar, C:\Users\killermenpl\.ivy2\cache\xml-apis\xml-apis\jars\xml-apis-1.4.01.jar, C:\Users\killermenpl\.ivy2\cache\javax.transaction\jta\jars\jta-1.1.jar, C:\Users\killermenpl\.ivy2\cache\com.google.inject\guice\jars\guice-4.0.jar, C:\Users\killermenpl\.ivy2\cache\javax.inject\javax.inject\jars\javax.inject-1.jar, C:\Users\killermenpl\.ivy2\cache\aopalliance\aopalliance\jars\aopalliance-1.0.jar, C:\Users\killermenpl\.ivy2\cache\com.google.guava\guava\bundles\guava-16.0.1.jar, C:\Users\killermenpl\.ivy2\cache\com.google.inject.extensions\guice-assistedinject\jars\guice-assistedinject-4.0.jar, C:\Users\killermenpl\.ivy2\cache\com.typesafe.netty\netty-reactive-streams-http\jars\netty-reactive-streams-http-1.0.5.jar, C:\Users\killermenpl\.ivy2\cache\com.typesafe.netty\netty-reactive-streams\jars\netty-reactive-streams-1.0.5.jar, C:\Users\killermenpl\.ivy2\cache\io.netty\netty-handler\jars\netty-handler-4.0.34.Final.jar, C:\Users\killermenpl\.ivy2\cache\io.netty\netty-buffer\jars\netty-buffer-4.0.34.Final.jar, C:\Users\killermenpl\.ivy2\cache\io.netty\netty-common\jars\netty-common-4.0.34.Final.jar, C:\Users\killermenpl\.ivy2\cache\io.netty\netty-transport\jars\netty-transport-4.0.34.Final.jar, C:\Users\killermenpl\.ivy2\cache\io.netty\netty-codec\jars\netty-codec-4.0.34.Final.jar, C:\Users\killermenpl\.ivy2\cache\io.netty\netty-codec-http\jars\netty-codec-http-4.0.34.Final.jar, C:\Users\killermenpl\.ivy2\cache\io.netty\netty-transport-native-epoll\jars\netty-transport-native-epoll-4.0.34.Final-linux-x86_64.jar, C:\Users\killermenpl\.ivy2\cache\com.typesafe.play\play-doc_2.11\jars\play-doc_2.11-1.2.2.jar, C:\Users\killermenpl\.ivy2\cache\org.pegdown\pegdown\jars\pegdown-1.4.0.jar, C:\Users\killermenpl\.ivy2\cache\org.parboiled\parboiled-java\bundles\parboiled-java-1.1.5.jar, C:\Users\killermenpl\.ivy2\cache\org.parboiled\parboiled-core\bundles\parboiled-core-1.1.5.jar, C:\Users\killermenpl\.ivy2\cache\org.ow2.asm\asm\jars\asm-4.1.jar, C:\Users\killermenpl\.ivy2\cache\org.ow2.asm\asm-tree\jars\asm-tree-4.1.jar, C:\Users\killermenpl\.ivy2\cache\org.ow2.asm\asm-analysis\jars\asm-analysis-4.1.jar, C:\Users\killermenpl\.ivy2\cache\org.ow2.asm\asm-util\jars\asm-util-4.1.jar, C:\Users\killermenpl\.ivy2\cache\commons-io\commons-io\jars\commons-io-2.4.jar),Some(C:\Users\killermenpl\.ivy2\cache\com.typesafe.play\play-omnidoc_2.11\jars\play-omnidoc_2.11-2.5.1.jar),List(),9000,0.0.0.0,DefaultWatchService,List(C:\Users\killermenpl\Dropbox\play-java\public, C:\Users\killermenpl\Dropbox\play-java\conf, C:\Users\killermenpl\Dropbox\play-java\app),C:\Users\killermenpl\Dropbox\play-java\target,500,root/playForkNotifyStart,root/playForkReload,300000,play.core.server.DevServerStart),scala.pickling.PicklerUnpickler$DelegatingPicklerUnpickler@6247c24a),ForkConfig(C:\Users\killermenpl\Dropbox\play-java,List(-Djna.nosys=true),List(C:\Users\killermenpl\.ivy2\cache\com.typesafe.play\play-enhancer\jars\play-enhancer-1.1.0.jar, C:\Users\killermenpl\.ivy2\cache\com.typesafe.play\twirl-api_2.11\jars\twirl-api_2.11-1.1.1.jar, C:\Users\killermenpl\.ivy2\cache\org.apache.commons\commons-lang3\jars\commons-lang3-3.4.jar, C:\Users\killermenpl\.ivy2\cache\org.scala-lang.modules\scala-xml_2.11\bundles\scala-xml_2.11-1.0.1.jar, C:\Users\killermenpl\.ivy2\cache\com.typesafe.play\play-ebean_2.11\jars\play-ebean_2.11-1.0.0.jar, C:\Users\killermenpl\.ivy2\cache\com.typesafe.play\play-java-jdbc_2.11\jars\play-java-jdbc_2.11-2.5.1.jar, C:\Users\killermenpl\.ivy2\cache\com.typesafe.play\play-jdbc_2.11\jars\play-jdbc_2.11-2.5.1.jar, C:\Users\killermenpl\.ivy2\cache\com.typesafe.play\play-jdbc-api_2.11\jars\play-jdbc-api_2.11-2.5.1.jar, C:\Users\killermenpl\.ivy2\cache\com.typesafe.play\play_2.11\jars\play_2.11-2.5.1.jar, C:\Users\killermenpl\.ivy2\cache\com.typesafe.play\build-link\jars\build-link-2.5.1.jar, C:\Users\killermenpl\.ivy2\cache\com.typesafe.play\play-exceptions\jars\play-exceptions-2.5.1.jar, C:\Users\killermenpl\.ivy2\cache\com.typesafe.play\play-iteratees_2.11\jars\play-iteratees_2.11-2.5.1.jar, C:\Users\killermenpl\.ivy2\cache\org.scala-stm\scala-stm_2.11\jars\scala-stm_2.11-0.7.jar, C:\Users\killermenpl\.ivy2\cache\com.typesafe\config\bundles\config-1.3.0.jar, C:\Users\killermenpl\.ivy2\cache\com.typesafe.play\play-json_2.11\jars\play-json_2.11-2.5.1.jar, C:\Users\killermenpl\.ivy2\cache\com.typesafe.play\play-functional_2.11\jars\play-functional_2.11-2.5.1.jar, C:\Users\killermenpl\.ivy2\cache\com.typesafe.play\play-datacommons_2.11\jars\play-datacommons_2.11-2.5.1.jar, C:\Users\killermenpl\.ivy2\cache\joda-time\joda-time\jars\joda-time-2.9.2.jar, C:\Users\killermenpl\.ivy2\cache\org.joda\joda-convert\jars\joda-convert-1.8.1.jar, C:\Users\killermenpl\.ivy2\cache\org.scala-lang\scala-reflect\jars\scala-reflect-2.11.7.jar, C:\Users\killermenpl\.ivy2\cache\com.fasterxml.jackson.core\jackson-core\bundles\jackson-core-2.7.1.jar, C:\Users\killermenpl\.ivy2\cache\com.fasterxml.jackson.core\jackson-annotations\bundles\jackson-annotations-2.7.1.jar, C:\Users\killermenpl\.ivy2\cache\com.fasterxml.jackson.core\jackson-databind\bundles\jackson-databind-2.7.1.jar, C:\Users\killermenpl\.ivy2\cache\com.fasterxml.jackson.datatype\jackson-datatype-jdk8\bundles\jackson-datatype-jdk8-2.7.1.jar, C:\Users\killermenpl\.ivy2\cache\com.fasterxml.jackson.datatype\jackson-datatype-jsr310\bundles\jackson-datatype-jsr310-2.7.1.jar, C:\Users\killermenpl\.ivy2\cache\com.typesafe.play\play-netty-utils\jars\play-netty-utils-2.5.1.jar, C:\Users\killermenpl\.ivy2\cache\org.slf4j\slf4j-api\jars\slf4j-api-1.7.16.jar, C:\Users\killermenpl\.ivy2\cache\org.slf4j\jul-to-slf4j\jars\jul-to-slf4j-1.7.16.jar, C:\Users\killermenpl\.ivy2\cache\org.slf4j\jcl-over-slf4j\jars\jcl-over-slf4j-1.7.16.jar, C:\Users\killermenpl\.ivy2\cache\com.typesafe.play\play-streams_2.11\jars\play-streams_2.11-2.5.1.jar, C:\Users\killermenpl\.ivy2\cache\org.reactivestreams\reactive-streams\jars\reactive-streams-1.0.0.jar, C:\Users\killermenpl\.ivy2\cache\com.typesafe.akka\akka-stream_2.11\jars\akka-stream_2.11-2.4.2.jar, C:\Users\killermenpl\.ivy2\cache\com.typesafe.akka\akka-actor_2.11\jars\akka-actor_2.11-2.4.2.jar, C:\Users\killermenpl\.ivy2\cache\org.scala-lang.modules\scala-java8-compat_2.11\bundles\scala-java8-compat_2.11-0.7.0.jar, C:\Users\killermenpl\.ivy2\cache\com.typesafe\ssl-config-akka_2.11\bundles\ssl-config-akka_2.11-0.1.3.jar, C:\Users\killermenpl\.ivy2\cache\com.typesafe\ssl-config-core_2.11\bundles\ssl-config-core_2.11-0.1.3.jar, C:\Users\killermenpl\.ivy2\cache\org.scala-lang.modules\scala-parser-combinators_2.11\bundles\scala-parser-combinators_2.11-1.0.4.jar, C:\Users\killermenpl\.ivy2\cache\com.typesafe.akka\akka-slf4j_2.11\jars\akka-slf4j_2.11-2.4.2.jar, C:\Users\killermenpl\.ivy2\cache\commons-codec\commons-codec\jars\commons-codec-1.10.jar, C:\Users\killermenpl\.ivy2\cache\xerces\xercesImpl\jars\xercesImpl-2.11.0.jar, C:\Users\killermenpl\.ivy2\cache\xml-apis\xml-apis\jars\xml-apis-1.4.01.jar, C:\Users\killermenpl\.ivy2\cache\javax.transaction\jta\jars\jta-1.1.jar, C:\Users\killermenpl\.ivy2\cache\com.google.inject\guice\jars\guice-4.0.jar, C:\Users\killermenpl\.ivy2\cache\javax.inject\javax.inject\jars\javax.inject-1.jar, C:\Users\killermenpl\.ivy2\cache\aopalliance\aopalliance\jars\aopalliance-1.0.jar, C:\Users\killermenpl\.ivy2\cache\com.google.inject.extensions\guice-assistedinject\jars\guice-assistedinject-4.0.jar, C:\Users\killermenpl\.ivy2\cache\com.jolbox\bonecp\bundles\bonecp-0.8.0.RELEASE.jar, C:\Users\killermenpl\.ivy2\cache\com.zaxxer\HikariCP\bundles\HikariCP-2.4.3.jar, C:\Users\killermenpl\.ivy2\cache\com.googlecode.usc\jdbcdslog\jars\jdbcdslog-1.0.6.2.jar, C:\Users\killermenpl\.ivy2\cache\com.h2database\h2\jars\h2-1.4.191.jar, C:\Users\killermenpl\.ivy2\cache\tyrex\tyrex\jars\tyrex-1.0.1.jar, C:\Users\killermenpl\.ivy2\cache\com.typesafe.play\play-java_2.11\jars\play-java_2.11-2.5.1.jar, C:\Users\killermenpl\.ivy2\cache\org.yaml\snakeyaml\bundles\snakeyaml-1.16.jar, C:\Users\killermenpl\.ivy2\cache\org.hibernate\hibernate-validator\jars\hibernate-validator-5.2.4.Final.jar, C:\Users\killermenpl\.ivy2\cache\javax.validation\validation-api\jars\validation-api-1.1.0.Final.jar, C:\Users\killermenpl\.ivy2\cache\org.jboss.logging\jboss-logging\jars\jboss-logging-3.2.1.Final.jar, C:\Users\killermenpl\.ivy2\cache\com.fasterxml\classmate\bundles\classmate-1.1.0.jar, C:\Users\killermenpl\.ivy2\cache\javax.el\javax.el-api\jars\javax.el-api-3.0.0.jar, C:\Users\killermenpl\.ivy2\cache\org.springframework\spring-context\jars\spring-context-4.2.4.RELEASE.jar, C:\Users\killermenpl\.ivy2\cache\org.springframework\spring-core\jars\spring-core-4.2.4.RELEASE.jar, C:\Users\killermenpl\.ivy2\cache\org.springframework\spring-beans\jars\spring-beans-4.2.4.RELEASE.jar, C:\Users\killermenpl\.ivy2\cache\org.reflections\reflections\jars\reflections-0.9.10.jar, C:\Users\killermenpl\.ivy2\cache\com.google.guava\guava\bundles\guava-19.0.jar, C:\Users\killermenpl\.ivy2\cache\net.jodah\typetools\bundles\typetools-0.4.4.jar, C:\Users\killermenpl\.ivy2\cache\com.google.code.findbugs\jsr305\jars\jsr305-3.0.1.jar, C:\Users\killermenpl\.ivy2\cache\org.apache.tomcat\tomcat-servlet-api\jars\tomcat-servlet-api-8.0.32.jar, C:\Users\killermenpl\.ivy2\cache\com.typesafe.play\play-jdbc-evolutions_2.11\jars\play-jdbc-evolutions_2.11-2.5.1.jar, C:\Users\killermenpl\.ivy2\cache\org.avaje.ebeanorm\avaje-ebeanorm\jars\avaje-ebeanorm-4.6.2.jar, C:\Users\killermenpl\.ivy2\cache\javax.persistence\persistence-api\jars\persistence-api-1.0.jar, C:\Users\killermenpl\.ivy2\cache\org.avaje.ebeanorm\avaje-ebeanorm-agent\jars\avaje-ebeanorm-agent-4.5.3.jar, C:\Users\killermenpl\.ivy2\cache\com.typesafe.play\play-server_2.11\jars\play-server_2.11-2.5.1.jar, C:\Users\killermenpl\.ivy2\cache\com.typesafe.play\play-netty-server_2.11\jars\play-netty-server_2.11-2.5.1.jar, C:\Users\killermenpl\.ivy2\cache\com.typesafe.netty\netty-reactive-streams-http\jars\netty-reactive-streams-http-1.0.5.jar, C:\Users\killermenpl\.ivy2\cache\com.typesafe.netty\netty-reactive-streams\jars\netty-reactive-streams-1.0.5.jar, C:\Users\killermenpl\.ivy2\cache\io.netty\netty-handler\jars\netty-handler-4.0.34.Final.jar, C:\Users\killermenpl\.ivy2\cache\io.netty\netty-buffer\jars\netty-buffer-4.0.34.Final.jar, C:\Users\killermenpl\.ivy2\cache\io.netty\netty-common\jars\netty-common-4.0.34.Final.jar, C:\Users\killermenpl\.ivy2\cache\io.netty\netty-transport\jars\netty-transport-4.0.34.Final.jar, C:\Users\killermenpl\.ivy2\cache\io.netty\netty-codec\jars\netty-codec-4.0.34.Final.jar, C:\Users\killermenpl\.ivy2\cache\io.netty\netty-codec-http\jars\netty-codec-http-4.0.34.Final.jar, C:\Users\killermenpl\.ivy2\cache\io.netty\netty-transport-native-epoll\jars\netty-transport-native-epoll-4.0.34.Final-linux-x86_64.jar, C:\Users\killermenpl\.ivy2\cache\com.typesafe.play\play-logback_2.11\jars\play-logback_2.11-2.5.1.jar, C:\Users\killermenpl\.ivy2\cache\ch.qos.logback\logback-core\jars\logback-core-1.1.4.jar, C:\Users\killermenpl\.ivy2\cache\ch.qos.logback\logback-classic\jars\logback-classic-1.1.4.jar, C:\Users\killermenpl\.ivy2\cache\com.typesafe.play\play-cache_2.11\jars\play-cache_2.11-2.5.1.jar, C:\Users\killermenpl\.ivy2\cache\net.sf.ehcache\ehcache-core\jars\ehcache-core-2.6.11.jar, C:\Users\killermenpl\.ivy2\cache\com.typesafe.play\play-java-ws_2.11\jars\play-java-ws_2.11-2.5.1.jar, C:\Users\killermenpl\.ivy2\cache\com.typesafe.play\play-ws_2.11\jars\play-ws_2.11-2.5.1.jar, C:\Users\killermenpl\.ivy2\cache\org.asynchttpclient\async-http-client\jars\async-http-client-2.0.0-RC16.jar, C:\Users\killermenpl\.ivy2\cache\org.asynchttpclient\netty-resolver-dns\jars\netty-resolver-dns-2.0.0-RC16.jar, C:\Users\killermenpl\.ivy2\cache\org.asynchttpclient\netty-resolver\jars\netty-resolver-2.0.0-RC16.jar, C:\Users\killermenpl\.ivy2\cache\org.asynchttpclient\netty-codec-dns\jars\netty-codec-dns-2.0.0-RC16.jar, C:\Users\killermenpl\.ivy2\cache\org.javassist\javassist\bundles\javassist-3.20.0-GA.jar, C:\Users\killermenpl\.ivy2\cache\oauth.signpost\signpost-core\jars\signpost-core-1.2.1.2.jar, C:\Users\killermenpl\.ivy2\cache\oauth.signpost\signpost-commonshttp4\jars\signpost-commonshttp4-1.2.1.2.jar, C:\Users\killermenpl\.ivy2\cache\org.apache.httpcomponents\httpcore\jars\httpcore-4.0.1.jar, C:\Users\killermenpl\.ivy2\cache\org.apache.httpcomponents\httpclient\jars\httpclient-4.0.1.jar, C:\Users\killermenpl\.ivy2\cache\commons-logging\commons-logging\jars\commons-logging-1.1.1.jar, C:\Users\killermenpl\.ivy2\cache\mysql\mysql-connector-java\jars\mysql-connector-java-5.1.18.jar, C:\Users\killermenpl\.ivy2\cache\org.webjars\webjars-play_2.11\jars\webjars-play_2.11-2.5.0.jar, C:\Users\killermenpl\.ivy2\cache\org.scala-lang\scala-library\jars\scala-library-2.11.8.jar, C:\Users\killermenpl\.ivy2\cache\org.webjars\requirejs\jars\requirejs-2.1.20.jar, C:\Users\killermenpl\.ivy2\cache\org.webjars\webjars-locator\jars\webjars-locator-0.30.jar, C:\Users\killermenpl\.ivy2\cache\org.webjars\webjars-locator-core\jars\webjars-locator-core-0.30.jar, C:\Users\killermenpl\.ivy2\cache\org.apache.commons\commons-compress\jars\commons-compress-1.9.jar, C:\Users\killermenpl\.ivy2\cache\org.mindrot\jbcrypt\jars\jbcrypt-0.3m.jar, C:\Users\killermenpl\.ivy2\cache\org.thymeleaf\thymeleaf\jars\thymeleaf-2.1.4.RELEASE.jar, C:\Users\killermenpl\.ivy2\cache\ognl\ognl\jars\ognl-3.0.8.jar, C:\Users\killermenpl\.ivy2\cache\org.unbescape\unbescape\jars\unbescape-1.1.0.RELEASE.jar),List((public/,C:\Users\killermenpl\Dropbox\play-java\target\web\public\main)),List(C:\Users\killermenpl\.ivy2\cache\com.typesafe.play\play-omnidoc_2.11\jars\play-omnidoc_2.11-2.5.1.jar, C:\Users\killermenpl\.ivy2\cache\org.scala-lang\scala-library\jars\scala-library-2.11.7.jar, C:\Users\killermenpl\.ivy2\cache\com.typesafe.play\play-docs_2.11\jars\play-docs_2.11-2.5.1.jar, C:\Users\killermenpl\.ivy2\cache\com.typesafe.play\play-netty-server_2.11\jars\play-netty-server_2.11-2.5.1.jar, C:\Users\killermenpl\.ivy2\cache\com.typesafe.play\play-server_2.11\jars\play-server_2.11-2.5.1.jar, C:\Users\killermenpl\.ivy2\cache\com.typesafe.play\play_2.11\jars\play_2.11-2.5.1.jar, C:\Users\killermenpl\.ivy2\cache\com.typesafe.play\build-link\jars\build-link-2.5.1.jar, C:\Users\killermenpl\.ivy2\cache\com.typesafe.play\play-exceptions\jars\play-exceptions-2.5.1.jar, C:\Users\killermenpl\.ivy2\cache\com.typesafe.play\play-iteratees_2.11\jars\play-iteratees_2.11-2.5.1.jar, C:\Users\killermenpl\.ivy2\cache\org.scala-stm\scala-stm_2.11\jars\scala-stm_2.11-0.7.jar, C:\Users\killermenpl\.ivy2\cache\com.typesafe\config\bundles\config-1.3.0.jar, C:\Users\killermenpl\.ivy2\cache\com.typesafe.play\play-json_2.11\jars\play-json_2.11-2.5.1.jar, C:\Users\killermenpl\.ivy2\cache\com.typesafe.play\play-functional_2.11\jars\play-functional_2.11-2.5.1.jar, C:\Users\killermenpl\.ivy2\cache\com.typesafe.play\play-datacommons_2.11\jars\play-datacommons_2.11-2.5.1.jar, C:\Users\killermenpl\.ivy2\cache\joda-time\joda-time\jars\joda-time-2.9.2.jar, C:\Users\killermenpl\.ivy2\cache\org.joda\joda-convert\jars\joda-convert-1.8.1.jar, C:\Users\killermenpl\.ivy2\cache\org.scala-lang\scala-reflect\jars\scala-reflect-2.11.7.jar, C:\Users\killermenpl\.ivy2\cache\com.fasterxml.jackson.core\jackson-core\bundles\jackson-core-2.7.1.jar, C:\Users\killermenpl\.ivy2\cache\com.fasterxml.jackson.core\jackson-annotations\bundles\jackson-annotations-2.7.1.jar, C:\Users\killermenpl\.ivy2\cache\com.fasterxml.jackson.core\jackson-databind\bundles\jackson-databind-2.7.1.jar, C:\Users\killermenpl\.ivy2\cache\com.fasterxml.jackson.datatype\jackson-datatype-jdk8\bundles\jackson-datatype-jdk8-2.7.1.jar, C:\Users\killermenpl\.ivy2\cache\com.fasterxml.jackson.datatype\jackson-datatype-jsr310\bundles\jackson-datatype-jsr310-2.7.1.jar, C:\Users\killermenpl\.ivy2\cache\com.typesafe.play\play-netty-utils\jars\play-netty-utils-2.5.1.jar, C:\Users\killermenpl\.ivy2\cache\org.slf4j\slf4j-api\jars\slf4j-api-1.7.16.jar, C:\Users\killermenpl\.ivy2\cache\org.slf4j\jul-to-slf4j\jars\jul-to-slf4j-1.7.16.jar, C:\Users\killermenpl\.ivy2\cache\org.slf4j\jcl-over-slf4j\jars\jcl-over-slf4j-1.7.16.jar, C:\Users\killermenpl\.ivy2\cache\com.typesafe.play\play-streams_2.11\jars\play-streams_2.11-2.5.1.jar, C:\Users\killermenpl\.ivy2\cache\org.reactivestreams\reactive-streams\jars\reactive-streams-1.0.0.jar, C:\Users\killermenpl\.ivy2\cache\com.typesafe.akka\akka-stream_2.11\jars\akka-stream_2.11-2.4.2.jar, C:\Users\killermenpl\.ivy2\cache\com.typesafe.akka\akka-actor_2.11\jars\akka-actor_2.11-2.4.2.jar, C:\Users\killermenpl\.ivy2\cache\org.scala-lang.modules\scala-java8-compat_2.11\bundles\scala-java8-compat_2.11-0.7.0.jar, C:\Users\killermenpl\.ivy2\cache\com.typesafe\ssl-config-akka_2.11\bundles\ssl-config-akka_2.11-0.1.3.jar, C:\Users\killermenpl\.ivy2\cache\com.typesafe\ssl-config-core_2.11\bundles\ssl-config-core_2.11-0.1.3.jar, C:\Users\killermenpl\.ivy2\cache\org.scala-lang.modules\scala-parser-combinators_2.11\bundles\scala-parser-combinators_2.11-1.0.4.jar, C:\Users\killermenpl\.ivy2\cache\com.typesafe.play\twirl-api_2.11\jars\twirl-api_2.11-1.1.1.jar, C:\Users\killermenpl\.ivy2\cache\org.apache.commons\commons-lang3\jars\commons-lang3-3.4.jar, C:\Users\killermenpl\.ivy2\cache\org.scala-lang.modules\scala-xml_2.11\bundles\scala-xml_2.11-1.0.1.jar, C:\Users\killermenpl\.ivy2\cache\com.typesafe.akka\akka-slf4j_2.11\jars\akka-slf4j_2.11-2.4.2.jar, C:\Users\killermenpl\.ivy2\cache\commons-codec\commons-codec\jars\commons-codec-1.10.jar, C:\Users\killermenpl\.ivy2\cache\xerces\xercesImpl\jars\xercesImpl-2.11.0.jar, C:\Users\killermenpl\.ivy2\cache\xml-apis\xml-apis\jars\xml-apis-1.4.01.jar, C:\Users\killermenpl\.ivy2\cache\javax.transaction\jta\jars\jta-1.1.jar, C:\Users\killermenpl\.ivy2\cache\com.google.inject\guice\jars\guice-4.0.jar, C:\Users\killermenpl\.ivy2\cache\javax.inject\javax.inject\jars\javax.inject-1.jar, C:\Users\killermenpl\.ivy2\cache\aopalliance\aopalliance\jars\aopalliance-1.0.jar, C:\Users\killermenpl\.ivy2\cache\com.google.guava\guava\bundles\guava-16.0.1.jar, C:\Users\killermenpl\.ivy2\cache\com.google.inject.extensions\guice-assistedinject\jars\guice-assistedinject-4.0.jar, C:\Users\killermenpl\.ivy2\cache\com.typesafe.netty\netty-reactive-streams-http\jars\netty-reactive-streams-http-1.0.5.jar, C:\Users\killermenpl\.ivy2\cache\com.typesafe.netty\netty-reactive-streams\jars\netty-reactive-streams-1.0.5.jar, C:\Users\killermenpl\.ivy2\cache\io.netty\netty-handler\jars\netty-handler-4.0.34.Final.jar, C:\Users\killermenpl\.ivy2\cache\io.netty\netty-buffer\jars\netty-buffer-4.0.34.Final.jar, C:\Users\killermenpl\.ivy2\cache\io.netty\netty-common\jars\netty-common-4.0.34.Final.jar, C:\Users\killermenpl\.ivy2\cache\io.netty\netty-transport\jars\netty-transport-4.0.34.Final.jar, C:\Users\killermenpl\.ivy2\cache\io.netty\netty-codec\jars\netty-codec-4.0.34.Final.jar, C:\Users\killermenpl\.ivy2\cache\io.netty\netty-codec-http\jars\netty-codec-http-4.0.34.Final.jar, C:\Users\killermenpl\.ivy2\cache\io.netty\netty-transport-native-epoll\jars\netty-transport-native-epoll-4.0.34.Final-linux-x86_64.jar, C:\Users\killermenpl\.ivy2\cache\com.typesafe.play\play-doc_2.11\jars\play-doc_2.11-1.2.2.jar, C:\Users\killermenpl\.ivy2\cache\org.pegdown\pegdown\jars\pegdown-1.4.0.jar, C:\Users\killermenpl\.ivy2\cache\org.parboiled\parboiled-java\bundles\parboiled-java-1.1.5.jar, C:\Users\killermenpl\.ivy2\cache\org.parboiled\parboiled-core\bundles\parboiled-core-1.1.5.jar, C:\Users\killermenpl\.ivy2\cache\org.ow2.asm\asm\jars\asm-4.1.jar, C:\Users\killermenpl\.ivy2\cache\org.ow2.asm\asm-tree\jars\asm-tree-4.1.jar, C:\Users\killermenpl\.ivy2\cache\org.ow2.asm\asm-analysis\jars\asm-analysis-4.1.jar, C:\Users\killermenpl\.ivy2\cache\org.ow2.asm\asm-util\jars\asm-util-4.1.jar, C:\Users\killermenpl\.ivy2\cache\commons-io\commons-io\jars\commons-io-2.4.jar),Some(C:\Users\killermenpl\.ivy2\cache\com.typesafe.play\play-omnidoc_2.11\jars\play-omnidoc_2.11-2.5.1.jar),List(),9000,0.0.0.0,DefaultWatchService,List(C:\Users\killermenpl\Dropbox\play-java\public, C:\Users\killermenpl\Dropbox\play-java\conf, C:\Users\killermenpl\Dropbox\play-java\app),C:\Users\killermenpl\Dropbox\play-java\target,500,root/playForkNotifyStart,root/playForkReload,300000,play.core.server.DevServerStart))))
Sending msg to client play-fork-run-69e666b5-b09a-4c16-9368-fb485b22476a: TaskStarted(7,594,None)
Sending msg to client play-fork-run-69e666b5-b09a-4c16-9368-fb485b22476a: TaskFinished(7,594,None,true,None)
Sending msg to client play-fork-run-69e666b5-b09a-4c16-9368-fb485b22476a: TaskStarted(7,593,None)
Sending msg to client play-fork-run-69e666b5-b09a-4c16-9368-fb485b22476a: TaskFinished(7,593,None,true,None)
Sending msg to client play-fork-run-69e666b5-b09a-4c16-9368-fb485b22476a: DetachedLogEvent(LogMessage(debug,cancel strategy finish enabled=false lastCommand=Some(LastCommand(CommandExecutionWork(ExecutionId(7),{file:/C:/Users/killermenpl/Dropbox/play-java/}root/*:playForkConfig,Set(LiveClient(play-fork-run 69e666b5-b09a-4c16-9368-fb485b22476a)),sbt.server.WorkCancellationStatus$$anon$1@5a130b74)))))
Sending msg to client play-fork-run-69e666b5-b09a-4c16-9368-fb485b22476a: DetachedLogEvent(LogSuccess(Total time: 1 s, completed Apr 4, 2016 4:01:18 PM))
Sending msg to client play-fork-run-69e666b5-b09a-4c16-9368-fb485b22476a: DetachedLogEvent(LogMessage(debug,> server-post-command-cleanup))
Sending msg to client play-fork-run-69e666b5-b09a-4c16-9368-fb485b22476a: ExecutionSuccess(7)
Sending msg to client play-fork-run-69e666b5-b09a-4c16-9368-fb485b22476a: DetachedLogEvent(LogMessage(debug,> server-handle-next-server-request))
Sending msg to client play-fork-run-69e666b5-b09a-4c16-9368-fb485b22476a: BackgroundJobLogEvent(1,LogMessage(info,))
Sending msg to client play-fork-run-69e666b5-b09a-4c16-9368-fb485b22476a: BackgroundJobLogEvent(1,LogMessage(info,--- (Running the application, auto-reloading is enabled) ---))
Sending msg to client play-fork-run-69e666b5-b09a-4c16-9368-fb485b22476a: BackgroundJobLogEvent(1,LogMessage(info,))
Sending msg to client play-fork-run-69e666b5-b09a-4c16-9368-fb485b22476a: BackgroundJobLogEvent(1,LogMessage(info,p.c.s.NettyServer - Listening for HTTP on /0:0:0:0:0:0:0:0:9000))
Sending msg to client play-fork-run-69e666b5-b09a-4c16-9368-fb485b22476a: BackgroundJobLogEvent(1,LogMessage(info,))
Sending msg to client play-fork-run-69e666b5-b09a-4c16-9368-fb485b22476a: BackgroundJobLogEvent(1,LogMessage(info,(Server started, use Ctrl+D to stop and go back to the console...)))
Sending msg to client play-fork-run-69e666b5-b09a-4c16-9368-fb485b22476a: BackgroundJobLogEvent(1,LogMessage(info,))
Got request: ExecutionRequest(root/playForkNotifyStart http://localhost:9000)
Reading next message from client.
Sending msg to client play-fork-run-69e666b5-b09a-4c16-9368-fb485b22476a: (8,ExecutionRequestReceived(8))
Sending msg to client play-fork-run-69e666b5-b09a-4c16-9368-fb485b22476a: ExecutionWaiting(8,root/playForkNotifyStart http://localhost:9000,ClientInfo(69e666b5-b09a-4c16-9368-fb485b22476a,play-fork-run,Play Fork Run,1,Vector()))
Sending msg to client play-fork-run-69e666b5-b09a-4c16-9368-fb485b22476a: ExecutionStarting(8)
Sending msg to client play-fork-run-69e666b5-b09a-4c16-9368-fb485b22476a: DetachedLogEvent(LogMessage(debug,> root/playForkNotifyStart http://localhost:9000))
Sending msg to client play-fork-run-69e666b5-b09a-4c16-9368-fb485b22476a: DetachedLogEvent(LogMessage(debug,Evaluating tasks: *:playForkNotifyStart))
Sending msg to client play-fork-run-69e666b5-b09a-4c16-9368-fb485b22476a: DetachedLogEvent(LogMessage(debug,Running task... Cancel: sbt.server.ServerTaskCancellation@11f224e4, check cycles: false))
Sending msg to client play-fork-run-69e666b5-b09a-4c16-9368-fb485b22476a: DetachedLogEvent(LogMessage(debug,cancel strategy start enabled=true lastCommand=Some(LastCommand(CommandExecutionWork(ExecutionId(8),root/playForkNotifyStart http://localhost:9000,Set(LiveClient(play-fork-run 69e666b5-b09a-4c16-9368-fb485b22476a)),sbt.server.WorkCancellationStatus$$anon$1@389665ff)))))
Sending msg to client play-fork-run-69e666b5-b09a-4c16-9368-fb485b22476a: TaskStarted(8,673,Some(AttributeKey[sbt.SendEventService]("sendEventService") in Scope(Global)))
Sending msg to client play-fork-run-69e666b5-b09a-4c16-9368-fb485b22476a: TaskFinished(8,673,Some(AttributeKey[sbt.SendEventService]("sendEventService") in Scope(Global)),true,None)
Sending msg to client play-fork-run-69e666b5-b09a-4c16-9368-fb485b22476a: TaskStarted(8,672,Some(AttributeKey[scala.Function1[java.lang.String,void]]("playForkStarted") in Scope(Build: file:/C:/Users/killermenpl/Dropbox/play-java/, , Project: ProjectReference(file:/C:/Users/killermenpl/Dropbox/play-java/,root))))
Sending msg to client play-fork-run-69e666b5-b09a-4c16-9368-fb485b22476a: TaskFinished(8,672,Some(AttributeKey[scala.Function1[java.lang.String,void]]("playForkStarted") in Scope(Build: file:/C:/Users/killermenpl/Dropbox/play-java/, , Project: ProjectReference(file:/C:/Users/killermenpl/Dropbox/play-java/,root))),true,None)
Sending msg to client play-fork-run-69e666b5-b09a-4c16-9368-fb485b22476a: TaskStarted(8,671,Some(AttributeKey[void]("playForkNotifyStart") in Scope(Build: file:/C:/Users/killermenpl/Dropbox/play-java/, , Project: ProjectReference(file:/C:/Users/killermenpl/Dropbox/play-java/,root))))
Sending msg to client play-fork-run-69e666b5-b09a-4c16-9368-fb485b22476a: TaskEvent(671,LazyValue(PlayServerStarted(http://localhost:9000),play.forkrun.protocol.Serializers$PlayForkrunProtocolPlayServerStartedPickler1$2$@674d6544))
Sending msg to client play-fork-run-69e666b5-b09a-4c16-9368-fb485b22476a: TaskFinished(8,671,Some(AttributeKey[void]("playForkNotifyStart") in Scope(Build: file:/C:/Users/killermenpl/Dropbox/play-java/, , Project: ProjectReference(file:/C:/Users/killermenpl/Dropbox/play-java/,root))),true,None)
Sending msg to client play-fork-run-69e666b5-b09a-4c16-9368-fb485b22476a: TaskStarted(8,670,None)
Sending msg to client play-fork-run-69e666b5-b09a-4c16-9368-fb485b22476a: TaskFinished(8,670,None,true,None)
Sending msg to client play-fork-run-69e666b5-b09a-4c16-9368-fb485b22476a: TaskStarted(8,669,None)
Sending msg to client play-fork-run-69e666b5-b09a-4c16-9368-fb485b22476a: TaskFinished(8,669,None,true,None)
Sending msg to client play-fork-run-69e666b5-b09a-4c16-9368-fb485b22476a: DetachedLogEvent(LogMessage(debug,cancel strategy finish enabled=false lastCommand=Some(LastCommand(CommandExecutionWork(ExecutionId(8),root/playForkNotifyStart http://localhost:9000,Set(LiveClient(play-fork-run 69e666b5-b09a-4c16-9368-fb485b22476a)),sbt.server.WorkCancellationStatus$$anon$1@389665ff)))))
Sending msg to client play-fork-run-69e666b5-b09a-4c16-9368-fb485b22476a: DetachedLogEvent(LogSuccess(Total time: 0 s, completed Apr 4, 2016 4:01:21 PM))
Sending msg to client play-fork-run-69e666b5-b09a-4c16-9368-fb485b22476a: DetachedLogEvent(LogMessage(debug,> server-post-command-cleanup))
Sending msg to client play-fork-run-69e666b5-b09a-4c16-9368-fb485b22476a: ExecutionSuccess(8)
Sending msg to client play-fork-run-69e666b5-b09a-4c16-9368-fb485b22476a: DetachedLogEvent(LogMessage(debug,> server-handle-next-server-request))
